ARM GAS  C:\Users\ALITAH~1\AppData\Local\Temp\ccc6Nsns.s 			page 1


   1              		.cpu cortex-m3
   2              		.eabi_attribute 20, 1
   3              		.eabi_attribute 21, 1
   4              		.eabi_attribute 23, 3
   5              		.eabi_attribute 24, 1
   6              		.eabi_attribute 25, 1
   7              		.eabi_attribute 26, 1
   8              		.eabi_attribute 30, 1
   9              		.eabi_attribute 34, 1
  10              		.eabi_attribute 18, 4
  11              		.file	"main.c"
  12              		.text
  13              	.Ltext0:
  14              		.cfi_sections	.debug_frame
  15              		.section	.text.MX_GPIO_Init,"ax",%progbits
  16              		.align	1
  17              		.arch armv7-m
  18              		.syntax unified
  19              		.thumb
  20              		.thumb_func
  21              		.fpu softvfp
  23              	MX_GPIO_Init:
  24              	.LFB70:
  25              		.file 1 "Core/Src/main.c"
   1:Core/Src/main.c **** /* USER CODE BEGIN Header */
   2:Core/Src/main.c **** /**
   3:Core/Src/main.c ****   ******************************************************************************
   4:Core/Src/main.c ****   * @file           : main.c
   5:Core/Src/main.c ****   * @brief          : Main program body
   6:Core/Src/main.c ****   ******************************************************************************
   7:Core/Src/main.c ****   * @attention
   8:Core/Src/main.c ****   *
   9:Core/Src/main.c ****   * <h2><center>&copy; Copyright (c) 2021 STMicroelectronics.
  10:Core/Src/main.c ****   * All rights reserved.</center></h2>
  11:Core/Src/main.c ****   *
  12:Core/Src/main.c ****   * This software component is licensed by ST under BSD 3-Clause license,
  13:Core/Src/main.c ****   * the "License"; You may not use this file except in compliance with the
  14:Core/Src/main.c ****   * License. You may obtain a copy of the License at:
  15:Core/Src/main.c ****   *                        opensource.org/licenses/BSD-3-Clause
  16:Core/Src/main.c ****   *
  17:Core/Src/main.c ****   ******************************************************************************
  18:Core/Src/main.c ****   */
  19:Core/Src/main.c **** /* USER CODE END Header */
  20:Core/Src/main.c **** /* Includes ------------------------------------------------------------------*/
  21:Core/Src/main.c **** #include "main.h"
  22:Core/Src/main.c **** 
  23:Core/Src/main.c **** /* Private includes ----------------------------------------------------------*/
  24:Core/Src/main.c **** /* USER CODE BEGIN Includes */
  25:Core/Src/main.c **** 
  26:Core/Src/main.c **** /* USER CODE END Includes */
  27:Core/Src/main.c **** 
  28:Core/Src/main.c **** /* Private typedef -----------------------------------------------------------*/
  29:Core/Src/main.c **** /* USER CODE BEGIN PTD */
  30:Core/Src/main.c **** 
  31:Core/Src/main.c **** /* USER CODE END PTD */
  32:Core/Src/main.c **** 
  33:Core/Src/main.c **** /* Private define ------------------------------------------------------------*/
ARM GAS  C:\Users\ALITAH~1\AppData\Local\Temp\ccc6Nsns.s 			page 2


  34:Core/Src/main.c **** /* USER CODE BEGIN PD */
  35:Core/Src/main.c **** /* USER CODE END PD */
  36:Core/Src/main.c **** 
  37:Core/Src/main.c **** /* Private macro -------------------------------------------------------------*/
  38:Core/Src/main.c **** /* USER CODE BEGIN PM */
  39:Core/Src/main.c **** 
  40:Core/Src/main.c **** /* USER CODE END PM */
  41:Core/Src/main.c **** 
  42:Core/Src/main.c **** /* Private variables ---------------------------------------------------------*/
  43:Core/Src/main.c **** TIM_HandleTypeDef htim1;
  44:Core/Src/main.c **** 
  45:Core/Src/main.c **** UART_HandleTypeDef huart1;
  46:Core/Src/main.c **** UART_HandleTypeDef huart2;
  47:Core/Src/main.c **** 
  48:Core/Src/main.c **** /* USER CODE BEGIN PV */
  49:Core/Src/main.c **** 
  50:Core/Src/main.c **** /* USER CODE END PV */
  51:Core/Src/main.c **** 
  52:Core/Src/main.c **** /* Private function prototypes -----------------------------------------------*/
  53:Core/Src/main.c **** void SystemClock_Config(void);
  54:Core/Src/main.c **** static void MX_GPIO_Init(void);
  55:Core/Src/main.c **** static void MX_TIM1_Init(void);
  56:Core/Src/main.c **** static void MX_USART1_UART_Init(void);
  57:Core/Src/main.c **** static void MX_USART2_UART_Init(void);
  58:Core/Src/main.c **** /* USER CODE BEGIN PFP */
  59:Core/Src/main.c **** 
  60:Core/Src/main.c **** /* USER CODE END PFP */
  61:Core/Src/main.c **** 
  62:Core/Src/main.c **** /* Private user code ---------------------------------------------------------*/
  63:Core/Src/main.c **** /* USER CODE BEGIN 0 */
  64:Core/Src/main.c **** 
  65:Core/Src/main.c **** /* USER CODE END 0 */
  66:Core/Src/main.c **** 
  67:Core/Src/main.c **** /**
  68:Core/Src/main.c ****   * @brief  The application entry point.
  69:Core/Src/main.c ****   * @retval int
  70:Core/Src/main.c ****   */
  71:Core/Src/main.c **** int main(void)
  72:Core/Src/main.c **** {
  73:Core/Src/main.c ****   /* USER CODE BEGIN 1 */
  74:Core/Src/main.c **** 
  75:Core/Src/main.c ****   /* USER CODE END 1 */
  76:Core/Src/main.c **** 
  77:Core/Src/main.c ****   /* MCU Configuration--------------------------------------------------------*/
  78:Core/Src/main.c **** 
  79:Core/Src/main.c ****   /* Reset of all peripherals, Initializes the Flash interface and the Systick. */
  80:Core/Src/main.c ****   HAL_Init();
  81:Core/Src/main.c **** 
  82:Core/Src/main.c ****   /* USER CODE BEGIN Init */
  83:Core/Src/main.c **** 
  84:Core/Src/main.c ****   /* USER CODE END Init */
  85:Core/Src/main.c **** 
  86:Core/Src/main.c ****   /* Configure the system clock */
  87:Core/Src/main.c ****   SystemClock_Config();
  88:Core/Src/main.c **** 
  89:Core/Src/main.c ****   /* USER CODE BEGIN SysInit */
  90:Core/Src/main.c **** 
ARM GAS  C:\Users\ALITAH~1\AppData\Local\Temp\ccc6Nsns.s 			page 3


  91:Core/Src/main.c ****   /* USER CODE END SysInit */
  92:Core/Src/main.c **** 
  93:Core/Src/main.c ****   /* Initialize all configured peripherals */
  94:Core/Src/main.c ****   MX_GPIO_Init();
  95:Core/Src/main.c ****   MX_TIM1_Init();
  96:Core/Src/main.c ****   MX_USART1_UART_Init();
  97:Core/Src/main.c ****   MX_USART2_UART_Init();
  98:Core/Src/main.c ****   /* USER CODE BEGIN 2 */
  99:Core/Src/main.c **** 
 100:Core/Src/main.c ****   /* USER CODE END 2 */
 101:Core/Src/main.c **** 
 102:Core/Src/main.c ****   /* Infinite loop */
 103:Core/Src/main.c ****   /* USER CODE BEGIN WHILE */
 104:Core/Src/main.c ****   while (1)
 105:Core/Src/main.c ****   {
 106:Core/Src/main.c ****     /* USER CODE END WHILE */
 107:Core/Src/main.c **** 
 108:Core/Src/main.c ****     /* USER CODE BEGIN 3 */
 109:Core/Src/main.c **** 	  HAL_GPIO_TogglePin(GPIOC, GPIO_PIN_13);
 110:Core/Src/main.c **** 	  HAL_Delay(1500);
 111:Core/Src/main.c ****   }
 112:Core/Src/main.c ****   /* USER CODE END 3 */
 113:Core/Src/main.c **** }
 114:Core/Src/main.c **** 
 115:Core/Src/main.c **** /**
 116:Core/Src/main.c ****   * @brief System Clock Configuration
 117:Core/Src/main.c ****   * @retval None
 118:Core/Src/main.c ****   */
 119:Core/Src/main.c **** void SystemClock_Config(void)
 120:Core/Src/main.c **** {
 121:Core/Src/main.c ****   RCC_OscInitTypeDef RCC_OscInitStruct = {0};
 122:Core/Src/main.c ****   RCC_ClkInitTypeDef RCC_ClkInitStruct = {0};
 123:Core/Src/main.c **** 
 124:Core/Src/main.c ****   /** Initializes the RCC Oscillators according to the specified parameters
 125:Core/Src/main.c ****   * in the RCC_OscInitTypeDef structure.
 126:Core/Src/main.c ****   */
 127:Core/Src/main.c ****   RCC_OscInitStruct.OscillatorType = RCC_OSCILLATORTYPE_HSE;
 128:Core/Src/main.c ****   RCC_OscInitStruct.HSEState = RCC_HSE_ON;
 129:Core/Src/main.c ****   RCC_OscInitStruct.HSEPredivValue = RCC_HSE_PREDIV_DIV1;
 130:Core/Src/main.c ****   RCC_OscInitStruct.HSIState = RCC_HSI_ON;
 131:Core/Src/main.c ****   RCC_OscInitStruct.PLL.PLLState = RCC_PLL_ON;
 132:Core/Src/main.c ****   RCC_OscInitStruct.PLL.PLLSource = RCC_PLLSOURCE_HSE;
 133:Core/Src/main.c ****   RCC_OscInitStruct.PLL.PLLMUL = RCC_PLL_MUL9;
 134:Core/Src/main.c ****   if (HAL_RCC_OscConfig(&RCC_OscInitStruct) != HAL_OK)
 135:Core/Src/main.c ****   {
 136:Core/Src/main.c ****     Error_Handler();
 137:Core/Src/main.c ****   }
 138:Core/Src/main.c ****   /** Initializes the CPU, AHB and APB buses clocks
 139:Core/Src/main.c ****   */
 140:Core/Src/main.c ****   RCC_ClkInitStruct.ClockType = RCC_CLOCKTYPE_HCLK|RCC_CLOCKTYPE_SYSCLK
 141:Core/Src/main.c ****                               |RCC_CLOCKTYPE_PCLK1|RCC_CLOCKTYPE_PCLK2;
 142:Core/Src/main.c ****   RCC_ClkInitStruct.SYSCLKSource = RCC_SYSCLKSOURCE_PLLCLK;
 143:Core/Src/main.c ****   RCC_ClkInitStruct.AHBCLKDivider = RCC_SYSCLK_DIV1;
 144:Core/Src/main.c ****   RCC_ClkInitStruct.APB1CLKDivider = RCC_HCLK_DIV2;
 145:Core/Src/main.c ****   RCC_ClkInitStruct.APB2CLKDivider = RCC_HCLK_DIV1;
 146:Core/Src/main.c **** 
 147:Core/Src/main.c ****   if (HAL_RCC_ClockConfig(&RCC_ClkInitStruct, FLASH_LATENCY_2) != HAL_OK)
ARM GAS  C:\Users\ALITAH~1\AppData\Local\Temp\ccc6Nsns.s 			page 4


 148:Core/Src/main.c ****   {
 149:Core/Src/main.c ****     Error_Handler();
 150:Core/Src/main.c ****   }
 151:Core/Src/main.c **** }
 152:Core/Src/main.c **** 
 153:Core/Src/main.c **** /**
 154:Core/Src/main.c ****   * @brief TIM1 Initialization Function
 155:Core/Src/main.c ****   * @param None
 156:Core/Src/main.c ****   * @retval None
 157:Core/Src/main.c ****   */
 158:Core/Src/main.c **** static void MX_TIM1_Init(void)
 159:Core/Src/main.c **** {
 160:Core/Src/main.c **** 
 161:Core/Src/main.c ****   /* USER CODE BEGIN TIM1_Init 0 */
 162:Core/Src/main.c **** 
 163:Core/Src/main.c ****   /* USER CODE END TIM1_Init 0 */
 164:Core/Src/main.c **** 
 165:Core/Src/main.c ****   TIM_ClockConfigTypeDef sClockSourceConfig = {0};
 166:Core/Src/main.c ****   TIM_MasterConfigTypeDef sMasterConfig = {0};
 167:Core/Src/main.c **** 
 168:Core/Src/main.c ****   /* USER CODE BEGIN TIM1_Init 1 */
 169:Core/Src/main.c **** 
 170:Core/Src/main.c ****   /* USER CODE END TIM1_Init 1 */
 171:Core/Src/main.c ****   htim1.Instance = TIM1;
 172:Core/Src/main.c ****   htim1.Init.Prescaler = 0;
 173:Core/Src/main.c ****   htim1.Init.CounterMode = TIM_COUNTERMODE_UP;
 174:Core/Src/main.c ****   htim1.Init.Period = 65535;
 175:Core/Src/main.c ****   htim1.Init.ClockDivision = TIM_CLOCKDIVISION_DIV1;
 176:Core/Src/main.c ****   htim1.Init.RepetitionCounter = 0;
 177:Core/Src/main.c ****   htim1.Init.AutoReloadPreload = TIM_AUTORELOAD_PRELOAD_DISABLE;
 178:Core/Src/main.c ****   if (HAL_TIM_Base_Init(&htim1) != HAL_OK)
 179:Core/Src/main.c ****   {
 180:Core/Src/main.c ****     Error_Handler();
 181:Core/Src/main.c ****   }
 182:Core/Src/main.c ****   sClockSourceConfig.ClockSource = TIM_CLOCKSOURCE_INTERNAL;
 183:Core/Src/main.c ****   if (HAL_TIM_ConfigClockSource(&htim1, &sClockSourceConfig) != HAL_OK)
 184:Core/Src/main.c ****   {
 185:Core/Src/main.c ****     Error_Handler();
 186:Core/Src/main.c ****   }
 187:Core/Src/main.c ****   sMasterConfig.MasterOutputTrigger = TIM_TRGO_RESET;
 188:Core/Src/main.c ****   sMasterConfig.MasterSlaveMode = TIM_MASTERSLAVEMODE_DISABLE;
 189:Core/Src/main.c ****   if (HAL_TIMEx_MasterConfigSynchronization(&htim1, &sMasterConfig) != HAL_OK)
 190:Core/Src/main.c ****   {
 191:Core/Src/main.c ****     Error_Handler();
 192:Core/Src/main.c ****   }
 193:Core/Src/main.c ****   /* USER CODE BEGIN TIM1_Init 2 */
 194:Core/Src/main.c **** 
 195:Core/Src/main.c ****   /* USER CODE END TIM1_Init 2 */
 196:Core/Src/main.c **** 
 197:Core/Src/main.c **** }
 198:Core/Src/main.c **** 
 199:Core/Src/main.c **** /**
 200:Core/Src/main.c ****   * @brief USART1 Initialization Function
 201:Core/Src/main.c ****   * @param None
 202:Core/Src/main.c ****   * @retval None
 203:Core/Src/main.c ****   */
 204:Core/Src/main.c **** static void MX_USART1_UART_Init(void)
ARM GAS  C:\Users\ALITAH~1\AppData\Local\Temp\ccc6Nsns.s 			page 5


 205:Core/Src/main.c **** {
 206:Core/Src/main.c **** 
 207:Core/Src/main.c ****   /* USER CODE BEGIN USART1_Init 0 */
 208:Core/Src/main.c **** 
 209:Core/Src/main.c ****   /* USER CODE END USART1_Init 0 */
 210:Core/Src/main.c **** 
 211:Core/Src/main.c ****   /* USER CODE BEGIN USART1_Init 1 */
 212:Core/Src/main.c **** 
 213:Core/Src/main.c ****   /* USER CODE END USART1_Init 1 */
 214:Core/Src/main.c ****   huart1.Instance = USART1;
 215:Core/Src/main.c ****   huart1.Init.BaudRate = 115200;
 216:Core/Src/main.c ****   huart1.Init.WordLength = UART_WORDLENGTH_8B;
 217:Core/Src/main.c ****   huart1.Init.StopBits = UART_STOPBITS_1;
 218:Core/Src/main.c ****   huart1.Init.Parity = UART_PARITY_NONE;
 219:Core/Src/main.c ****   huart1.Init.Mode = UART_MODE_TX_RX;
 220:Core/Src/main.c ****   huart1.Init.HwFlowCtl = UART_HWCONTROL_NONE;
 221:Core/Src/main.c ****   huart1.Init.OverSampling = UART_OVERSAMPLING_16;
 222:Core/Src/main.c ****   if (HAL_UART_Init(&huart1) != HAL_OK)
 223:Core/Src/main.c ****   {
 224:Core/Src/main.c ****     Error_Handler();
 225:Core/Src/main.c ****   }
 226:Core/Src/main.c ****   /* USER CODE BEGIN USART1_Init 2 */
 227:Core/Src/main.c **** 
 228:Core/Src/main.c ****   /* USER CODE END USART1_Init 2 */
 229:Core/Src/main.c **** 
 230:Core/Src/main.c **** }
 231:Core/Src/main.c **** 
 232:Core/Src/main.c **** /**
 233:Core/Src/main.c ****   * @brief USART2 Initialization Function
 234:Core/Src/main.c ****   * @param None
 235:Core/Src/main.c ****   * @retval None
 236:Core/Src/main.c ****   */
 237:Core/Src/main.c **** static void MX_USART2_UART_Init(void)
 238:Core/Src/main.c **** {
 239:Core/Src/main.c **** 
 240:Core/Src/main.c ****   /* USER CODE BEGIN USART2_Init 0 */
 241:Core/Src/main.c **** 
 242:Core/Src/main.c ****   /* USER CODE END USART2_Init 0 */
 243:Core/Src/main.c **** 
 244:Core/Src/main.c ****   /* USER CODE BEGIN USART2_Init 1 */
 245:Core/Src/main.c **** 
 246:Core/Src/main.c ****   /* USER CODE END USART2_Init 1 */
 247:Core/Src/main.c ****   huart2.Instance = USART2;
 248:Core/Src/main.c ****   huart2.Init.BaudRate = 115200;
 249:Core/Src/main.c ****   huart2.Init.WordLength = UART_WORDLENGTH_8B;
 250:Core/Src/main.c ****   huart2.Init.StopBits = UART_STOPBITS_1;
 251:Core/Src/main.c ****   huart2.Init.Parity = UART_PARITY_NONE;
 252:Core/Src/main.c ****   huart2.Init.Mode = UART_MODE_TX_RX;
 253:Core/Src/main.c ****   huart2.Init.HwFlowCtl = UART_HWCONTROL_NONE;
 254:Core/Src/main.c ****   huart2.Init.OverSampling = UART_OVERSAMPLING_16;
 255:Core/Src/main.c ****   if (HAL_UART_Init(&huart2) != HAL_OK)
 256:Core/Src/main.c ****   {
 257:Core/Src/main.c ****     Error_Handler();
 258:Core/Src/main.c ****   }
 259:Core/Src/main.c ****   /* USER CODE BEGIN USART2_Init 2 */
 260:Core/Src/main.c **** 
 261:Core/Src/main.c ****   /* USER CODE END USART2_Init 2 */
ARM GAS  C:\Users\ALITAH~1\AppData\Local\Temp\ccc6Nsns.s 			page 6


 262:Core/Src/main.c **** 
 263:Core/Src/main.c **** }
 264:Core/Src/main.c **** 
 265:Core/Src/main.c **** /**
 266:Core/Src/main.c ****   * @brief GPIO Initialization Function
 267:Core/Src/main.c ****   * @param None
 268:Core/Src/main.c ****   * @retval None
 269:Core/Src/main.c ****   */
 270:Core/Src/main.c **** static void MX_GPIO_Init(void)
 271:Core/Src/main.c **** {
  26              		.loc 1 271 1 view -0
  27              		.cfi_startproc
  28              		@ args = 0, pretend = 0, frame = 32
  29              		@ frame_needed = 0, uses_anonymous_args = 0
  30 0000 30B5     		push	{r4, r5, lr}
  31              	.LCFI0:
  32              		.cfi_def_cfa_offset 12
  33              		.cfi_offset 4, -12
  34              		.cfi_offset 5, -8
  35              		.cfi_offset 14, -4
  36 0002 89B0     		sub	sp, sp, #36
  37              	.LCFI1:
  38              		.cfi_def_cfa_offset 48
 272:Core/Src/main.c ****   GPIO_InitTypeDef GPIO_InitStruct = {0};
  39              		.loc 1 272 3 view .LVU1
  40              		.loc 1 272 20 is_stmt 0 view .LVU2
  41 0004 0024     		movs	r4, #0
  42 0006 0494     		str	r4, [sp, #16]
  43 0008 0594     		str	r4, [sp, #20]
  44 000a 0694     		str	r4, [sp, #24]
  45 000c 0794     		str	r4, [sp, #28]
 273:Core/Src/main.c **** 
 274:Core/Src/main.c ****   /* GPIO Ports Clock Enable */
 275:Core/Src/main.c ****   __HAL_RCC_GPIOC_CLK_ENABLE();
  46              		.loc 1 275 3 is_stmt 1 view .LVU3
  47              	.LBB4:
  48              		.loc 1 275 3 view .LVU4
  49              		.loc 1 275 3 view .LVU5
  50 000e 184B     		ldr	r3, .L3
  51 0010 9A69     		ldr	r2, [r3, #24]
  52 0012 42F01002 		orr	r2, r2, #16
  53 0016 9A61     		str	r2, [r3, #24]
  54              		.loc 1 275 3 view .LVU6
  55 0018 9A69     		ldr	r2, [r3, #24]
  56 001a 02F01002 		and	r2, r2, #16
  57 001e 0192     		str	r2, [sp, #4]
  58              		.loc 1 275 3 view .LVU7
  59 0020 019A     		ldr	r2, [sp, #4]
  60              	.LBE4:
  61              		.loc 1 275 3 view .LVU8
 276:Core/Src/main.c ****   __HAL_RCC_GPIOD_CLK_ENABLE();
  62              		.loc 1 276 3 view .LVU9
  63              	.LBB5:
  64              		.loc 1 276 3 view .LVU10
  65              		.loc 1 276 3 view .LVU11
  66 0022 9A69     		ldr	r2, [r3, #24]
  67 0024 42F02002 		orr	r2, r2, #32
ARM GAS  C:\Users\ALITAH~1\AppData\Local\Temp\ccc6Nsns.s 			page 7


  68 0028 9A61     		str	r2, [r3, #24]
  69              		.loc 1 276 3 view .LVU12
  70 002a 9A69     		ldr	r2, [r3, #24]
  71 002c 02F02002 		and	r2, r2, #32
  72 0030 0292     		str	r2, [sp, #8]
  73              		.loc 1 276 3 view .LVU13
  74 0032 029A     		ldr	r2, [sp, #8]
  75              	.LBE5:
  76              		.loc 1 276 3 view .LVU14
 277:Core/Src/main.c ****   __HAL_RCC_GPIOA_CLK_ENABLE();
  77              		.loc 1 277 3 view .LVU15
  78              	.LBB6:
  79              		.loc 1 277 3 view .LVU16
  80              		.loc 1 277 3 view .LVU17
  81 0034 9A69     		ldr	r2, [r3, #24]
  82 0036 42F00402 		orr	r2, r2, #4
  83 003a 9A61     		str	r2, [r3, #24]
  84              		.loc 1 277 3 view .LVU18
  85 003c 9B69     		ldr	r3, [r3, #24]
  86 003e 03F00403 		and	r3, r3, #4
  87 0042 0393     		str	r3, [sp, #12]
  88              		.loc 1 277 3 view .LVU19
  89 0044 039B     		ldr	r3, [sp, #12]
  90              	.LBE6:
  91              		.loc 1 277 3 view .LVU20
 278:Core/Src/main.c **** 
 279:Core/Src/main.c ****   /*Configure GPIO pin Output Level */
 280:Core/Src/main.c ****   HAL_GPIO_WritePin(GPIOC, GPIO_PIN_13, GPIO_PIN_RESET);
  92              		.loc 1 280 3 view .LVU21
  93 0046 0B4D     		ldr	r5, .L3+4
  94 0048 2246     		mov	r2, r4
  95 004a 4FF40051 		mov	r1, #8192
  96 004e 2846     		mov	r0, r5
  97 0050 FFF7FEFF 		bl	HAL_GPIO_WritePin
  98              	.LVL0:
 281:Core/Src/main.c **** 
 282:Core/Src/main.c ****   /*Configure GPIO pin : PC13 */
 283:Core/Src/main.c ****   GPIO_InitStruct.Pin = GPIO_PIN_13;
  99              		.loc 1 283 3 view .LVU22
 100              		.loc 1 283 23 is_stmt 0 view .LVU23
 101 0054 4FF40053 		mov	r3, #8192
 102 0058 0493     		str	r3, [sp, #16]
 284:Core/Src/main.c ****   GPIO_InitStruct.Mode = GPIO_MODE_OUTPUT_PP;
 103              		.loc 1 284 3 is_stmt 1 view .LVU24
 104              		.loc 1 284 24 is_stmt 0 view .LVU25
 105 005a 0123     		movs	r3, #1
 106 005c 0593     		str	r3, [sp, #20]
 285:Core/Src/main.c ****   GPIO_InitStruct.Pull = GPIO_NOPULL;
 107              		.loc 1 285 3 is_stmt 1 view .LVU26
 108              		.loc 1 285 24 is_stmt 0 view .LVU27
 109 005e 0694     		str	r4, [sp, #24]
 286:Core/Src/main.c ****   GPIO_InitStruct.Speed = GPIO_SPEED_FREQ_LOW;
 110              		.loc 1 286 3 is_stmt 1 view .LVU28
 111              		.loc 1 286 25 is_stmt 0 view .LVU29
 112 0060 0223     		movs	r3, #2
 113 0062 0793     		str	r3, [sp, #28]
 287:Core/Src/main.c ****   HAL_GPIO_Init(GPIOC, &GPIO_InitStruct);
ARM GAS  C:\Users\ALITAH~1\AppData\Local\Temp\ccc6Nsns.s 			page 8


 114              		.loc 1 287 3 is_stmt 1 view .LVU30
 115 0064 04A9     		add	r1, sp, #16
 116 0066 2846     		mov	r0, r5
 117 0068 FFF7FEFF 		bl	HAL_GPIO_Init
 118              	.LVL1:
 288:Core/Src/main.c **** 
 289:Core/Src/main.c **** }
 119              		.loc 1 289 1 is_stmt 0 view .LVU31
 120 006c 09B0     		add	sp, sp, #36
 121              	.LCFI2:
 122              		.cfi_def_cfa_offset 12
 123              		@ sp needed
 124 006e 30BD     		pop	{r4, r5, pc}
 125              	.L4:
 126              		.align	2
 127              	.L3:
 128 0070 00100240 		.word	1073876992
 129 0074 00100140 		.word	1073811456
 130              		.cfi_endproc
 131              	.LFE70:
 133              		.section	.text.Error_Handler,"ax",%progbits
 134              		.align	1
 135              		.global	Error_Handler
 136              		.syntax unified
 137              		.thumb
 138              		.thumb_func
 139              		.fpu softvfp
 141              	Error_Handler:
 142              	.LFB71:
 290:Core/Src/main.c **** 
 291:Core/Src/main.c **** /* USER CODE BEGIN 4 */
 292:Core/Src/main.c **** 
 293:Core/Src/main.c **** /* USER CODE END 4 */
 294:Core/Src/main.c **** 
 295:Core/Src/main.c **** /**
 296:Core/Src/main.c ****   * @brief  This function is executed in case of error occurrence.
 297:Core/Src/main.c ****   * @retval None
 298:Core/Src/main.c ****   */
 299:Core/Src/main.c **** void Error_Handler(void)
 300:Core/Src/main.c **** {
 143              		.loc 1 300 1 is_stmt 1 view -0
 144              		.cfi_startproc
 145              		@ Volatile: function does not return.
 146              		@ args = 0, pretend = 0, frame = 0
 147              		@ frame_needed = 0, uses_anonymous_args = 0
 148              		@ link register save eliminated.
 301:Core/Src/main.c ****   /* USER CODE BEGIN Error_Handler_Debug */
 302:Core/Src/main.c ****   /* User can add his own implementation to report the HAL error return state */
 303:Core/Src/main.c ****   __disable_irq();
 149              		.loc 1 303 3 view .LVU33
 150              	.LBB7:
 151              	.LBI7:
 152              		.file 2 "Drivers/CMSIS/Include/cmsis_gcc.h"
   1:Drivers/CMSIS/Include/cmsis_gcc.h **** /**************************************************************************//**
   2:Drivers/CMSIS/Include/cmsis_gcc.h ****  * @file     cmsis_gcc.h
   3:Drivers/CMSIS/Include/cmsis_gcc.h ****  * @brief    CMSIS compiler GCC header file
   4:Drivers/CMSIS/Include/cmsis_gcc.h ****  * @version  V5.0.4
ARM GAS  C:\Users\ALITAH~1\AppData\Local\Temp\ccc6Nsns.s 			page 9


   5:Drivers/CMSIS/Include/cmsis_gcc.h ****  * @date     09. April 2018
   6:Drivers/CMSIS/Include/cmsis_gcc.h ****  ******************************************************************************/
   7:Drivers/CMSIS/Include/cmsis_gcc.h **** /*
   8:Drivers/CMSIS/Include/cmsis_gcc.h ****  * Copyright (c) 2009-2018 Arm Limited. All rights reserved.
   9:Drivers/CMSIS/Include/cmsis_gcc.h ****  *
  10:Drivers/CMSIS/Include/cmsis_gcc.h ****  * SPDX-License-Identifier: Apache-2.0
  11:Drivers/CMSIS/Include/cmsis_gcc.h ****  *
  12:Drivers/CMSIS/Include/cmsis_gcc.h ****  * Licensed under the Apache License, Version 2.0 (the License); you may
  13:Drivers/CMSIS/Include/cmsis_gcc.h ****  * not use this file except in compliance with the License.
  14:Drivers/CMSIS/Include/cmsis_gcc.h ****  * You may obtain a copy of the License at
  15:Drivers/CMSIS/Include/cmsis_gcc.h ****  *
  16:Drivers/CMSIS/Include/cmsis_gcc.h ****  * www.apache.org/licenses/LICENSE-2.0
  17:Drivers/CMSIS/Include/cmsis_gcc.h ****  *
  18:Drivers/CMSIS/Include/cmsis_gcc.h ****  * Unless required by applicable law or agreed to in writing, software
  19:Drivers/CMSIS/Include/cmsis_gcc.h ****  * distributed under the License is distributed on an AS IS BASIS, WITHOUT
  20:Drivers/CMSIS/Include/cmsis_gcc.h ****  * WARRANTIES OR CONDITIONS OF ANY KIND, either express or implied.
  21:Drivers/CMSIS/Include/cmsis_gcc.h ****  * See the License for the specific language governing permissions and
  22:Drivers/CMSIS/Include/cmsis_gcc.h ****  * limitations under the License.
  23:Drivers/CMSIS/Include/cmsis_gcc.h ****  */
  24:Drivers/CMSIS/Include/cmsis_gcc.h **** 
  25:Drivers/CMSIS/Include/cmsis_gcc.h **** #ifndef __CMSIS_GCC_H
  26:Drivers/CMSIS/Include/cmsis_gcc.h **** #define __CMSIS_GCC_H
  27:Drivers/CMSIS/Include/cmsis_gcc.h **** 
  28:Drivers/CMSIS/Include/cmsis_gcc.h **** /* ignore some GCC warnings */
  29:Drivers/CMSIS/Include/cmsis_gcc.h **** #pragma GCC diagnostic push
  30:Drivers/CMSIS/Include/cmsis_gcc.h **** #pragma GCC diagnostic ignored "-Wsign-conversion"
  31:Drivers/CMSIS/Include/cmsis_gcc.h **** #pragma GCC diagnostic ignored "-Wconversion"
  32:Drivers/CMSIS/Include/cmsis_gcc.h **** #pragma GCC diagnostic ignored "-Wunused-parameter"
  33:Drivers/CMSIS/Include/cmsis_gcc.h **** 
  34:Drivers/CMSIS/Include/cmsis_gcc.h **** /* Fallback for __has_builtin */
  35:Drivers/CMSIS/Include/cmsis_gcc.h **** #ifndef __has_builtin
  36:Drivers/CMSIS/Include/cmsis_gcc.h ****   #define __has_builtin(x) (0)
  37:Drivers/CMSIS/Include/cmsis_gcc.h **** #endif
  38:Drivers/CMSIS/Include/cmsis_gcc.h **** 
  39:Drivers/CMSIS/Include/cmsis_gcc.h **** /* CMSIS compiler specific defines */
  40:Drivers/CMSIS/Include/cmsis_gcc.h **** #ifndef   __ASM
  41:Drivers/CMSIS/Include/cmsis_gcc.h ****   #define __ASM                                  __asm
  42:Drivers/CMSIS/Include/cmsis_gcc.h **** #endif
  43:Drivers/CMSIS/Include/cmsis_gcc.h **** #ifndef   __INLINE
  44:Drivers/CMSIS/Include/cmsis_gcc.h ****   #define __INLINE                               inline
  45:Drivers/CMSIS/Include/cmsis_gcc.h **** #endif
  46:Drivers/CMSIS/Include/cmsis_gcc.h **** #ifndef   __STATIC_INLINE
  47:Drivers/CMSIS/Include/cmsis_gcc.h ****   #define __STATIC_INLINE                        static inline
  48:Drivers/CMSIS/Include/cmsis_gcc.h **** #endif
  49:Drivers/CMSIS/Include/cmsis_gcc.h **** #ifndef   __STATIC_FORCEINLINE                 
  50:Drivers/CMSIS/Include/cmsis_gcc.h ****   #define __STATIC_FORCEINLINE                   __attribute__((always_inline)) static inline
  51:Drivers/CMSIS/Include/cmsis_gcc.h **** #endif                                           
  52:Drivers/CMSIS/Include/cmsis_gcc.h **** #ifndef   __NO_RETURN
  53:Drivers/CMSIS/Include/cmsis_gcc.h ****   #define __NO_RETURN                            __attribute__((__noreturn__))
  54:Drivers/CMSIS/Include/cmsis_gcc.h **** #endif
  55:Drivers/CMSIS/Include/cmsis_gcc.h **** #ifndef   __USED
  56:Drivers/CMSIS/Include/cmsis_gcc.h ****   #define __USED                                 __attribute__((used))
  57:Drivers/CMSIS/Include/cmsis_gcc.h **** #endif
  58:Drivers/CMSIS/Include/cmsis_gcc.h **** #ifndef   __WEAK
  59:Drivers/CMSIS/Include/cmsis_gcc.h ****   #define __WEAK                                 __attribute__((weak))
  60:Drivers/CMSIS/Include/cmsis_gcc.h **** #endif
  61:Drivers/CMSIS/Include/cmsis_gcc.h **** #ifndef   __PACKED
ARM GAS  C:\Users\ALITAH~1\AppData\Local\Temp\ccc6Nsns.s 			page 10


  62:Drivers/CMSIS/Include/cmsis_gcc.h ****   #define __PACKED                               __attribute__((packed, aligned(1)))
  63:Drivers/CMSIS/Include/cmsis_gcc.h **** #endif
  64:Drivers/CMSIS/Include/cmsis_gcc.h **** #ifndef   __PACKED_STRUCT
  65:Drivers/CMSIS/Include/cmsis_gcc.h ****   #define __PACKED_STRUCT                        struct __attribute__((packed, aligned(1)))
  66:Drivers/CMSIS/Include/cmsis_gcc.h **** #endif
  67:Drivers/CMSIS/Include/cmsis_gcc.h **** #ifndef   __PACKED_UNION
  68:Drivers/CMSIS/Include/cmsis_gcc.h ****   #define __PACKED_UNION                         union __attribute__((packed, aligned(1)))
  69:Drivers/CMSIS/Include/cmsis_gcc.h **** #endif
  70:Drivers/CMSIS/Include/cmsis_gcc.h **** #ifndef   __UNALIGNED_UINT32        /* deprecated */
  71:Drivers/CMSIS/Include/cmsis_gcc.h ****   #pragma GCC diagnostic push
  72:Drivers/CMSIS/Include/cmsis_gcc.h ****   #pragma GCC diagnostic ignored "-Wpacked"
  73:Drivers/CMSIS/Include/cmsis_gcc.h ****   #pragma GCC diagnostic ignored "-Wattributes"
  74:Drivers/CMSIS/Include/cmsis_gcc.h ****   struct __attribute__((packed)) T_UINT32 { uint32_t v; };
  75:Drivers/CMSIS/Include/cmsis_gcc.h ****   #pragma GCC diagnostic pop
  76:Drivers/CMSIS/Include/cmsis_gcc.h ****   #define __UNALIGNED_UINT32(x)                  (((struct T_UINT32 *)(x))->v)
  77:Drivers/CMSIS/Include/cmsis_gcc.h **** #endif
  78:Drivers/CMSIS/Include/cmsis_gcc.h **** #ifndef   __UNALIGNED_UINT16_WRITE
  79:Drivers/CMSIS/Include/cmsis_gcc.h ****   #pragma GCC diagnostic push
  80:Drivers/CMSIS/Include/cmsis_gcc.h ****   #pragma GCC diagnostic ignored "-Wpacked"
  81:Drivers/CMSIS/Include/cmsis_gcc.h ****   #pragma GCC diagnostic ignored "-Wattributes"
  82:Drivers/CMSIS/Include/cmsis_gcc.h ****   __PACKED_STRUCT T_UINT16_WRITE { uint16_t v; };
  83:Drivers/CMSIS/Include/cmsis_gcc.h ****   #pragma GCC diagnostic pop
  84:Drivers/CMSIS/Include/cmsis_gcc.h ****   #define __UNALIGNED_UINT16_WRITE(addr, val)    (void)((((struct T_UINT16_WRITE *)(void *)(addr))-
  85:Drivers/CMSIS/Include/cmsis_gcc.h **** #endif
  86:Drivers/CMSIS/Include/cmsis_gcc.h **** #ifndef   __UNALIGNED_UINT16_READ
  87:Drivers/CMSIS/Include/cmsis_gcc.h ****   #pragma GCC diagnostic push
  88:Drivers/CMSIS/Include/cmsis_gcc.h ****   #pragma GCC diagnostic ignored "-Wpacked"
  89:Drivers/CMSIS/Include/cmsis_gcc.h ****   #pragma GCC diagnostic ignored "-Wattributes"
  90:Drivers/CMSIS/Include/cmsis_gcc.h ****   __PACKED_STRUCT T_UINT16_READ { uint16_t v; };
  91:Drivers/CMSIS/Include/cmsis_gcc.h ****   #pragma GCC diagnostic pop
  92:Drivers/CMSIS/Include/cmsis_gcc.h ****   #define __UNALIGNED_UINT16_READ(addr)          (((const struct T_UINT16_READ *)(const void *)(add
  93:Drivers/CMSIS/Include/cmsis_gcc.h **** #endif
  94:Drivers/CMSIS/Include/cmsis_gcc.h **** #ifndef   __UNALIGNED_UINT32_WRITE
  95:Drivers/CMSIS/Include/cmsis_gcc.h ****   #pragma GCC diagnostic push
  96:Drivers/CMSIS/Include/cmsis_gcc.h ****   #pragma GCC diagnostic ignored "-Wpacked"
  97:Drivers/CMSIS/Include/cmsis_gcc.h ****   #pragma GCC diagnostic ignored "-Wattributes"
  98:Drivers/CMSIS/Include/cmsis_gcc.h ****   __PACKED_STRUCT T_UINT32_WRITE { uint32_t v; };
  99:Drivers/CMSIS/Include/cmsis_gcc.h ****   #pragma GCC diagnostic pop
 100:Drivers/CMSIS/Include/cmsis_gcc.h ****   #define __UNALIGNED_UINT32_WRITE(addr, val)    (void)((((struct T_UINT32_WRITE *)(void *)(addr))-
 101:Drivers/CMSIS/Include/cmsis_gcc.h **** #endif
 102:Drivers/CMSIS/Include/cmsis_gcc.h **** #ifndef   __UNALIGNED_UINT32_READ
 103:Drivers/CMSIS/Include/cmsis_gcc.h ****   #pragma GCC diagnostic push
 104:Drivers/CMSIS/Include/cmsis_gcc.h ****   #pragma GCC diagnostic ignored "-Wpacked"
 105:Drivers/CMSIS/Include/cmsis_gcc.h ****   #pragma GCC diagnostic ignored "-Wattributes"
 106:Drivers/CMSIS/Include/cmsis_gcc.h ****   __PACKED_STRUCT T_UINT32_READ { uint32_t v; };
 107:Drivers/CMSIS/Include/cmsis_gcc.h ****   #pragma GCC diagnostic pop
 108:Drivers/CMSIS/Include/cmsis_gcc.h ****   #define __UNALIGNED_UINT32_READ(addr)          (((const struct T_UINT32_READ *)(const void *)(add
 109:Drivers/CMSIS/Include/cmsis_gcc.h **** #endif
 110:Drivers/CMSIS/Include/cmsis_gcc.h **** #ifndef   __ALIGNED
 111:Drivers/CMSIS/Include/cmsis_gcc.h ****   #define __ALIGNED(x)                           __attribute__((aligned(x)))
 112:Drivers/CMSIS/Include/cmsis_gcc.h **** #endif
 113:Drivers/CMSIS/Include/cmsis_gcc.h **** #ifndef   __RESTRICT
 114:Drivers/CMSIS/Include/cmsis_gcc.h ****   #define __RESTRICT                             __restrict
 115:Drivers/CMSIS/Include/cmsis_gcc.h **** #endif
 116:Drivers/CMSIS/Include/cmsis_gcc.h **** 
 117:Drivers/CMSIS/Include/cmsis_gcc.h **** 
 118:Drivers/CMSIS/Include/cmsis_gcc.h **** /* ###########################  Core Function Access  ########################### */
ARM GAS  C:\Users\ALITAH~1\AppData\Local\Temp\ccc6Nsns.s 			page 11


 119:Drivers/CMSIS/Include/cmsis_gcc.h **** /** \ingroup  CMSIS_Core_FunctionInterface
 120:Drivers/CMSIS/Include/cmsis_gcc.h ****     \defgroup CMSIS_Core_RegAccFunctions CMSIS Core Register Access Functions
 121:Drivers/CMSIS/Include/cmsis_gcc.h ****   @{
 122:Drivers/CMSIS/Include/cmsis_gcc.h ****  */
 123:Drivers/CMSIS/Include/cmsis_gcc.h **** 
 124:Drivers/CMSIS/Include/cmsis_gcc.h **** /**
 125:Drivers/CMSIS/Include/cmsis_gcc.h ****   \brief   Enable IRQ Interrupts
 126:Drivers/CMSIS/Include/cmsis_gcc.h ****   \details Enables IRQ interrupts by clearing the I-bit in the CPSR.
 127:Drivers/CMSIS/Include/cmsis_gcc.h ****            Can only be executed in Privileged modes.
 128:Drivers/CMSIS/Include/cmsis_gcc.h ****  */
 129:Drivers/CMSIS/Include/cmsis_gcc.h **** __STATIC_FORCEINLINE void __enable_irq(void)
 130:Drivers/CMSIS/Include/cmsis_gcc.h **** {
 131:Drivers/CMSIS/Include/cmsis_gcc.h ****   __ASM volatile ("cpsie i" : : : "memory");
 132:Drivers/CMSIS/Include/cmsis_gcc.h **** }
 133:Drivers/CMSIS/Include/cmsis_gcc.h **** 
 134:Drivers/CMSIS/Include/cmsis_gcc.h **** 
 135:Drivers/CMSIS/Include/cmsis_gcc.h **** /**
 136:Drivers/CMSIS/Include/cmsis_gcc.h ****   \brief   Disable IRQ Interrupts
 137:Drivers/CMSIS/Include/cmsis_gcc.h ****   \details Disables IRQ interrupts by setting the I-bit in the CPSR.
 138:Drivers/CMSIS/Include/cmsis_gcc.h ****            Can only be executed in Privileged modes.
 139:Drivers/CMSIS/Include/cmsis_gcc.h ****  */
 140:Drivers/CMSIS/Include/cmsis_gcc.h **** __STATIC_FORCEINLINE void __disable_irq(void)
 153              		.loc 2 140 27 view .LVU34
 154              	.LBB8:
 141:Drivers/CMSIS/Include/cmsis_gcc.h **** {
 142:Drivers/CMSIS/Include/cmsis_gcc.h ****   __ASM volatile ("cpsid i" : : : "memory");
 155              		.loc 2 142 3 view .LVU35
 156              		.syntax unified
 157              	@ 142 "Drivers/CMSIS/Include/cmsis_gcc.h" 1
 158 0000 72B6     		cpsid i
 159              	@ 0 "" 2
 160              		.thumb
 161              		.syntax unified
 162              	.L6:
 163              	.LBE8:
 164              	.LBE7:
 304:Core/Src/main.c ****   while (1)
 165              		.loc 1 304 3 discriminator 1 view .LVU36
 305:Core/Src/main.c ****   {
 306:Core/Src/main.c ****   }
 166              		.loc 1 306 3 discriminator 1 view .LVU37
 304:Core/Src/main.c ****   while (1)
 167              		.loc 1 304 9 discriminator 1 view .LVU38
 168 0002 FEE7     		b	.L6
 169              		.cfi_endproc
 170              	.LFE71:
 172              		.section	.text.MX_TIM1_Init,"ax",%progbits
 173              		.align	1
 174              		.syntax unified
 175              		.thumb
 176              		.thumb_func
 177              		.fpu softvfp
 179              	MX_TIM1_Init:
 180              	.LFB67:
 159:Core/Src/main.c **** 
 181              		.loc 1 159 1 view -0
 182              		.cfi_startproc
ARM GAS  C:\Users\ALITAH~1\AppData\Local\Temp\ccc6Nsns.s 			page 12


 183              		@ args = 0, pretend = 0, frame = 24
 184              		@ frame_needed = 0, uses_anonymous_args = 0
 185 0000 00B5     		push	{lr}
 186              	.LCFI3:
 187              		.cfi_def_cfa_offset 4
 188              		.cfi_offset 14, -4
 189 0002 87B0     		sub	sp, sp, #28
 190              	.LCFI4:
 191              		.cfi_def_cfa_offset 32
 165:Core/Src/main.c ****   TIM_MasterConfigTypeDef sMasterConfig = {0};
 192              		.loc 1 165 3 view .LVU40
 165:Core/Src/main.c ****   TIM_MasterConfigTypeDef sMasterConfig = {0};
 193              		.loc 1 165 26 is_stmt 0 view .LVU41
 194 0004 0023     		movs	r3, #0
 195 0006 0293     		str	r3, [sp, #8]
 196 0008 0393     		str	r3, [sp, #12]
 197 000a 0493     		str	r3, [sp, #16]
 198 000c 0593     		str	r3, [sp, #20]
 166:Core/Src/main.c **** 
 199              		.loc 1 166 3 is_stmt 1 view .LVU42
 166:Core/Src/main.c **** 
 200              		.loc 1 166 27 is_stmt 0 view .LVU43
 201 000e 0093     		str	r3, [sp]
 202 0010 0193     		str	r3, [sp, #4]
 171:Core/Src/main.c ****   htim1.Init.Prescaler = 0;
 203              		.loc 1 171 3 is_stmt 1 view .LVU44
 171:Core/Src/main.c ****   htim1.Init.Prescaler = 0;
 204              		.loc 1 171 18 is_stmt 0 view .LVU45
 205 0012 1348     		ldr	r0, .L15
 206 0014 134A     		ldr	r2, .L15+4
 207 0016 0260     		str	r2, [r0]
 172:Core/Src/main.c ****   htim1.Init.CounterMode = TIM_COUNTERMODE_UP;
 208              		.loc 1 172 3 is_stmt 1 view .LVU46
 172:Core/Src/main.c ****   htim1.Init.CounterMode = TIM_COUNTERMODE_UP;
 209              		.loc 1 172 24 is_stmt 0 view .LVU47
 210 0018 4360     		str	r3, [r0, #4]
 173:Core/Src/main.c ****   htim1.Init.Period = 65535;
 211              		.loc 1 173 3 is_stmt 1 view .LVU48
 173:Core/Src/main.c ****   htim1.Init.Period = 65535;
 212              		.loc 1 173 26 is_stmt 0 view .LVU49
 213 001a 8360     		str	r3, [r0, #8]
 174:Core/Src/main.c ****   htim1.Init.ClockDivision = TIM_CLOCKDIVISION_DIV1;
 214              		.loc 1 174 3 is_stmt 1 view .LVU50
 174:Core/Src/main.c ****   htim1.Init.ClockDivision = TIM_CLOCKDIVISION_DIV1;
 215              		.loc 1 174 21 is_stmt 0 view .LVU51
 216 001c 4FF6FF72 		movw	r2, #65535
 217 0020 C260     		str	r2, [r0, #12]
 175:Core/Src/main.c ****   htim1.Init.RepetitionCounter = 0;
 218              		.loc 1 175 3 is_stmt 1 view .LVU52
 175:Core/Src/main.c ****   htim1.Init.RepetitionCounter = 0;
 219              		.loc 1 175 28 is_stmt 0 view .LVU53
 220 0022 0361     		str	r3, [r0, #16]
 176:Core/Src/main.c ****   htim1.Init.AutoReloadPreload = TIM_AUTORELOAD_PRELOAD_DISABLE;
 221              		.loc 1 176 3 is_stmt 1 view .LVU54
 176:Core/Src/main.c ****   htim1.Init.AutoReloadPreload = TIM_AUTORELOAD_PRELOAD_DISABLE;
 222              		.loc 1 176 32 is_stmt 0 view .LVU55
 223 0024 4361     		str	r3, [r0, #20]
ARM GAS  C:\Users\ALITAH~1\AppData\Local\Temp\ccc6Nsns.s 			page 13


 177:Core/Src/main.c ****   if (HAL_TIM_Base_Init(&htim1) != HAL_OK)
 224              		.loc 1 177 3 is_stmt 1 view .LVU56
 177:Core/Src/main.c ****   if (HAL_TIM_Base_Init(&htim1) != HAL_OK)
 225              		.loc 1 177 32 is_stmt 0 view .LVU57
 226 0026 8361     		str	r3, [r0, #24]
 178:Core/Src/main.c ****   {
 227              		.loc 1 178 3 is_stmt 1 view .LVU58
 178:Core/Src/main.c ****   {
 228              		.loc 1 178 7 is_stmt 0 view .LVU59
 229 0028 FFF7FEFF 		bl	HAL_TIM_Base_Init
 230              	.LVL2:
 178:Core/Src/main.c ****   {
 231              		.loc 1 178 6 view .LVU60
 232 002c 90B9     		cbnz	r0, .L12
 182:Core/Src/main.c ****   if (HAL_TIM_ConfigClockSource(&htim1, &sClockSourceConfig) != HAL_OK)
 233              		.loc 1 182 3 is_stmt 1 view .LVU61
 182:Core/Src/main.c ****   if (HAL_TIM_ConfigClockSource(&htim1, &sClockSourceConfig) != HAL_OK)
 234              		.loc 1 182 34 is_stmt 0 view .LVU62
 235 002e 4FF48053 		mov	r3, #4096
 236 0032 0293     		str	r3, [sp, #8]
 183:Core/Src/main.c ****   {
 237              		.loc 1 183 3 is_stmt 1 view .LVU63
 183:Core/Src/main.c ****   {
 238              		.loc 1 183 7 is_stmt 0 view .LVU64
 239 0034 02A9     		add	r1, sp, #8
 240 0036 0A48     		ldr	r0, .L15
 241 0038 FFF7FEFF 		bl	HAL_TIM_ConfigClockSource
 242              	.LVL3:
 183:Core/Src/main.c ****   {
 243              		.loc 1 183 6 view .LVU65
 244 003c 60B9     		cbnz	r0, .L13
 187:Core/Src/main.c ****   sMasterConfig.MasterSlaveMode = TIM_MASTERSLAVEMODE_DISABLE;
 245              		.loc 1 187 3 is_stmt 1 view .LVU66
 187:Core/Src/main.c ****   sMasterConfig.MasterSlaveMode = TIM_MASTERSLAVEMODE_DISABLE;
 246              		.loc 1 187 37 is_stmt 0 view .LVU67
 247 003e 0023     		movs	r3, #0
 248 0040 0093     		str	r3, [sp]
 188:Core/Src/main.c ****   if (HAL_TIMEx_MasterConfigSynchronization(&htim1, &sMasterConfig) != HAL_OK)
 249              		.loc 1 188 3 is_stmt 1 view .LVU68
 188:Core/Src/main.c ****   if (HAL_TIMEx_MasterConfigSynchronization(&htim1, &sMasterConfig) != HAL_OK)
 250              		.loc 1 188 33 is_stmt 0 view .LVU69
 251 0042 0193     		str	r3, [sp, #4]
 189:Core/Src/main.c ****   {
 252              		.loc 1 189 3 is_stmt 1 view .LVU70
 189:Core/Src/main.c ****   {
 253              		.loc 1 189 7 is_stmt 0 view .LVU71
 254 0044 6946     		mov	r1, sp
 255 0046 0648     		ldr	r0, .L15
 256 0048 FFF7FEFF 		bl	HAL_TIMEx_MasterConfigSynchronization
 257              	.LVL4:
 189:Core/Src/main.c ****   {
 258              		.loc 1 189 6 view .LVU72
 259 004c 30B9     		cbnz	r0, .L14
 197:Core/Src/main.c **** 
 260              		.loc 1 197 1 view .LVU73
 261 004e 07B0     		add	sp, sp, #28
 262              	.LCFI5:
ARM GAS  C:\Users\ALITAH~1\AppData\Local\Temp\ccc6Nsns.s 			page 14


 263              		.cfi_remember_state
 264              		.cfi_def_cfa_offset 4
 265              		@ sp needed
 266 0050 5DF804FB 		ldr	pc, [sp], #4
 267              	.L12:
 268              	.LCFI6:
 269              		.cfi_restore_state
 180:Core/Src/main.c ****   }
 270              		.loc 1 180 5 is_stmt 1 view .LVU74
 271 0054 FFF7FEFF 		bl	Error_Handler
 272              	.LVL5:
 273              	.L13:
 185:Core/Src/main.c ****   }
 274              		.loc 1 185 5 view .LVU75
 275 0058 FFF7FEFF 		bl	Error_Handler
 276              	.LVL6:
 277              	.L14:
 191:Core/Src/main.c ****   }
 278              		.loc 1 191 5 view .LVU76
 279 005c FFF7FEFF 		bl	Error_Handler
 280              	.LVL7:
 281              	.L16:
 282              		.align	2
 283              	.L15:
 284 0060 00000000 		.word	.LANCHOR0
 285 0064 002C0140 		.word	1073818624
 286              		.cfi_endproc
 287              	.LFE67:
 289              		.section	.text.MX_USART1_UART_Init,"ax",%progbits
 290              		.align	1
 291              		.syntax unified
 292              		.thumb
 293              		.thumb_func
 294              		.fpu softvfp
 296              	MX_USART1_UART_Init:
 297              	.LFB68:
 205:Core/Src/main.c **** 
 298              		.loc 1 205 1 view -0
 299              		.cfi_startproc
 300              		@ args = 0, pretend = 0, frame = 0
 301              		@ frame_needed = 0, uses_anonymous_args = 0
 302 0000 08B5     		push	{r3, lr}
 303              	.LCFI7:
 304              		.cfi_def_cfa_offset 8
 305              		.cfi_offset 3, -8
 306              		.cfi_offset 14, -4
 214:Core/Src/main.c ****   huart1.Init.BaudRate = 115200;
 307              		.loc 1 214 3 view .LVU78
 214:Core/Src/main.c ****   huart1.Init.BaudRate = 115200;
 308              		.loc 1 214 19 is_stmt 0 view .LVU79
 309 0002 0A48     		ldr	r0, .L21
 310 0004 0A4B     		ldr	r3, .L21+4
 311 0006 0360     		str	r3, [r0]
 215:Core/Src/main.c ****   huart1.Init.WordLength = UART_WORDLENGTH_8B;
 312              		.loc 1 215 3 is_stmt 1 view .LVU80
 215:Core/Src/main.c ****   huart1.Init.WordLength = UART_WORDLENGTH_8B;
 313              		.loc 1 215 24 is_stmt 0 view .LVU81
ARM GAS  C:\Users\ALITAH~1\AppData\Local\Temp\ccc6Nsns.s 			page 15


 314 0008 4FF4E133 		mov	r3, #115200
 315 000c 4360     		str	r3, [r0, #4]
 216:Core/Src/main.c ****   huart1.Init.StopBits = UART_STOPBITS_1;
 316              		.loc 1 216 3 is_stmt 1 view .LVU82
 216:Core/Src/main.c ****   huart1.Init.StopBits = UART_STOPBITS_1;
 317              		.loc 1 216 26 is_stmt 0 view .LVU83
 318 000e 0023     		movs	r3, #0
 319 0010 8360     		str	r3, [r0, #8]
 217:Core/Src/main.c ****   huart1.Init.Parity = UART_PARITY_NONE;
 320              		.loc 1 217 3 is_stmt 1 view .LVU84
 217:Core/Src/main.c ****   huart1.Init.Parity = UART_PARITY_NONE;
 321              		.loc 1 217 24 is_stmt 0 view .LVU85
 322 0012 C360     		str	r3, [r0, #12]
 218:Core/Src/main.c ****   huart1.Init.Mode = UART_MODE_TX_RX;
 323              		.loc 1 218 3 is_stmt 1 view .LVU86
 218:Core/Src/main.c ****   huart1.Init.Mode = UART_MODE_TX_RX;
 324              		.loc 1 218 22 is_stmt 0 view .LVU87
 325 0014 0361     		str	r3, [r0, #16]
 219:Core/Src/main.c ****   huart1.Init.HwFlowCtl = UART_HWCONTROL_NONE;
 326              		.loc 1 219 3 is_stmt 1 view .LVU88
 219:Core/Src/main.c ****   huart1.Init.HwFlowCtl = UART_HWCONTROL_NONE;
 327              		.loc 1 219 20 is_stmt 0 view .LVU89
 328 0016 0C22     		movs	r2, #12
 329 0018 4261     		str	r2, [r0, #20]
 220:Core/Src/main.c ****   huart1.Init.OverSampling = UART_OVERSAMPLING_16;
 330              		.loc 1 220 3 is_stmt 1 view .LVU90
 220:Core/Src/main.c ****   huart1.Init.OverSampling = UART_OVERSAMPLING_16;
 331              		.loc 1 220 25 is_stmt 0 view .LVU91
 332 001a 8361     		str	r3, [r0, #24]
 221:Core/Src/main.c ****   if (HAL_UART_Init(&huart1) != HAL_OK)
 333              		.loc 1 221 3 is_stmt 1 view .LVU92
 221:Core/Src/main.c ****   if (HAL_UART_Init(&huart1) != HAL_OK)
 334              		.loc 1 221 28 is_stmt 0 view .LVU93
 335 001c C361     		str	r3, [r0, #28]
 222:Core/Src/main.c ****   {
 336              		.loc 1 222 3 is_stmt 1 view .LVU94
 222:Core/Src/main.c ****   {
 337              		.loc 1 222 7 is_stmt 0 view .LVU95
 338 001e FFF7FEFF 		bl	HAL_UART_Init
 339              	.LVL8:
 222:Core/Src/main.c ****   {
 340              		.loc 1 222 6 view .LVU96
 341 0022 00B9     		cbnz	r0, .L20
 230:Core/Src/main.c **** 
 342              		.loc 1 230 1 view .LVU97
 343 0024 08BD     		pop	{r3, pc}
 344              	.L20:
 224:Core/Src/main.c ****   }
 345              		.loc 1 224 5 is_stmt 1 view .LVU98
 346 0026 FFF7FEFF 		bl	Error_Handler
 347              	.LVL9:
 348              	.L22:
 349 002a 00BF     		.align	2
 350              	.L21:
 351 002c 00000000 		.word	.LANCHOR1
 352 0030 00380140 		.word	1073821696
 353              		.cfi_endproc
ARM GAS  C:\Users\ALITAH~1\AppData\Local\Temp\ccc6Nsns.s 			page 16


 354              	.LFE68:
 356              		.section	.text.MX_USART2_UART_Init,"ax",%progbits
 357              		.align	1
 358              		.syntax unified
 359              		.thumb
 360              		.thumb_func
 361              		.fpu softvfp
 363              	MX_USART2_UART_Init:
 364              	.LFB69:
 238:Core/Src/main.c **** 
 365              		.loc 1 238 1 view -0
 366              		.cfi_startproc
 367              		@ args = 0, pretend = 0, frame = 0
 368              		@ frame_needed = 0, uses_anonymous_args = 0
 369 0000 08B5     		push	{r3, lr}
 370              	.LCFI8:
 371              		.cfi_def_cfa_offset 8
 372              		.cfi_offset 3, -8
 373              		.cfi_offset 14, -4
 247:Core/Src/main.c ****   huart2.Init.BaudRate = 115200;
 374              		.loc 1 247 3 view .LVU100
 247:Core/Src/main.c ****   huart2.Init.BaudRate = 115200;
 375              		.loc 1 247 19 is_stmt 0 view .LVU101
 376 0002 0A48     		ldr	r0, .L27
 377 0004 0A4B     		ldr	r3, .L27+4
 378 0006 0360     		str	r3, [r0]
 248:Core/Src/main.c ****   huart2.Init.WordLength = UART_WORDLENGTH_8B;
 379              		.loc 1 248 3 is_stmt 1 view .LVU102
 248:Core/Src/main.c ****   huart2.Init.WordLength = UART_WORDLENGTH_8B;
 380              		.loc 1 248 24 is_stmt 0 view .LVU103
 381 0008 4FF4E133 		mov	r3, #115200
 382 000c 4360     		str	r3, [r0, #4]
 249:Core/Src/main.c ****   huart2.Init.StopBits = UART_STOPBITS_1;
 383              		.loc 1 249 3 is_stmt 1 view .LVU104
 249:Core/Src/main.c ****   huart2.Init.StopBits = UART_STOPBITS_1;
 384              		.loc 1 249 26 is_stmt 0 view .LVU105
 385 000e 0023     		movs	r3, #0
 386 0010 8360     		str	r3, [r0, #8]
 250:Core/Src/main.c ****   huart2.Init.Parity = UART_PARITY_NONE;
 387              		.loc 1 250 3 is_stmt 1 view .LVU106
 250:Core/Src/main.c ****   huart2.Init.Parity = UART_PARITY_NONE;
 388              		.loc 1 250 24 is_stmt 0 view .LVU107
 389 0012 C360     		str	r3, [r0, #12]
 251:Core/Src/main.c ****   huart2.Init.Mode = UART_MODE_TX_RX;
 390              		.loc 1 251 3 is_stmt 1 view .LVU108
 251:Core/Src/main.c ****   huart2.Init.Mode = UART_MODE_TX_RX;
 391              		.loc 1 251 22 is_stmt 0 view .LVU109
 392 0014 0361     		str	r3, [r0, #16]
 252:Core/Src/main.c ****   huart2.Init.HwFlowCtl = UART_HWCONTROL_NONE;
 393              		.loc 1 252 3 is_stmt 1 view .LVU110
 252:Core/Src/main.c ****   huart2.Init.HwFlowCtl = UART_HWCONTROL_NONE;
 394              		.loc 1 252 20 is_stmt 0 view .LVU111
 395 0016 0C22     		movs	r2, #12
 396 0018 4261     		str	r2, [r0, #20]
 253:Core/Src/main.c ****   huart2.Init.OverSampling = UART_OVERSAMPLING_16;
 397              		.loc 1 253 3 is_stmt 1 view .LVU112
 253:Core/Src/main.c ****   huart2.Init.OverSampling = UART_OVERSAMPLING_16;
ARM GAS  C:\Users\ALITAH~1\AppData\Local\Temp\ccc6Nsns.s 			page 17


 398              		.loc 1 253 25 is_stmt 0 view .LVU113
 399 001a 8361     		str	r3, [r0, #24]
 254:Core/Src/main.c ****   if (HAL_UART_Init(&huart2) != HAL_OK)
 400              		.loc 1 254 3 is_stmt 1 view .LVU114
 254:Core/Src/main.c ****   if (HAL_UART_Init(&huart2) != HAL_OK)
 401              		.loc 1 254 28 is_stmt 0 view .LVU115
 402 001c C361     		str	r3, [r0, #28]
 255:Core/Src/main.c ****   {
 403              		.loc 1 255 3 is_stmt 1 view .LVU116
 255:Core/Src/main.c ****   {
 404              		.loc 1 255 7 is_stmt 0 view .LVU117
 405 001e FFF7FEFF 		bl	HAL_UART_Init
 406              	.LVL10:
 255:Core/Src/main.c ****   {
 407              		.loc 1 255 6 view .LVU118
 408 0022 00B9     		cbnz	r0, .L26
 263:Core/Src/main.c **** 
 409              		.loc 1 263 1 view .LVU119
 410 0024 08BD     		pop	{r3, pc}
 411              	.L26:
 257:Core/Src/main.c ****   }
 412              		.loc 1 257 5 is_stmt 1 view .LVU120
 413 0026 FFF7FEFF 		bl	Error_Handler
 414              	.LVL11:
 415              	.L28:
 416 002a 00BF     		.align	2
 417              	.L27:
 418 002c 00000000 		.word	.LANCHOR2
 419 0030 00440040 		.word	1073759232
 420              		.cfi_endproc
 421              	.LFE69:
 423              		.section	.text.SystemClock_Config,"ax",%progbits
 424              		.align	1
 425              		.global	SystemClock_Config
 426              		.syntax unified
 427              		.thumb
 428              		.thumb_func
 429              		.fpu softvfp
 431              	SystemClock_Config:
 432              	.LFB66:
 120:Core/Src/main.c ****   RCC_OscInitTypeDef RCC_OscInitStruct = {0};
 433              		.loc 1 120 1 view -0
 434              		.cfi_startproc
 435              		@ args = 0, pretend = 0, frame = 64
 436              		@ frame_needed = 0, uses_anonymous_args = 0
 437 0000 00B5     		push	{lr}
 438              	.LCFI9:
 439              		.cfi_def_cfa_offset 4
 440              		.cfi_offset 14, -4
 441 0002 91B0     		sub	sp, sp, #68
 442              	.LCFI10:
 443              		.cfi_def_cfa_offset 72
 121:Core/Src/main.c ****   RCC_ClkInitTypeDef RCC_ClkInitStruct = {0};
 444              		.loc 1 121 3 view .LVU122
 121:Core/Src/main.c ****   RCC_ClkInitTypeDef RCC_ClkInitStruct = {0};
 445              		.loc 1 121 22 is_stmt 0 view .LVU123
 446 0004 2822     		movs	r2, #40
ARM GAS  C:\Users\ALITAH~1\AppData\Local\Temp\ccc6Nsns.s 			page 18


 447 0006 0021     		movs	r1, #0
 448 0008 06A8     		add	r0, sp, #24
 449 000a FFF7FEFF 		bl	memset
 450              	.LVL12:
 122:Core/Src/main.c **** 
 451              		.loc 1 122 3 is_stmt 1 view .LVU124
 122:Core/Src/main.c **** 
 452              		.loc 1 122 22 is_stmt 0 view .LVU125
 453 000e 0023     		movs	r3, #0
 454 0010 0193     		str	r3, [sp, #4]
 455 0012 0293     		str	r3, [sp, #8]
 456 0014 0393     		str	r3, [sp, #12]
 457 0016 0493     		str	r3, [sp, #16]
 458 0018 0593     		str	r3, [sp, #20]
 127:Core/Src/main.c ****   RCC_OscInitStruct.HSEState = RCC_HSE_ON;
 459              		.loc 1 127 3 is_stmt 1 view .LVU126
 127:Core/Src/main.c ****   RCC_OscInitStruct.HSEState = RCC_HSE_ON;
 460              		.loc 1 127 36 is_stmt 0 view .LVU127
 461 001a 0122     		movs	r2, #1
 462 001c 0692     		str	r2, [sp, #24]
 128:Core/Src/main.c ****   RCC_OscInitStruct.HSEPredivValue = RCC_HSE_PREDIV_DIV1;
 463              		.loc 1 128 3 is_stmt 1 view .LVU128
 128:Core/Src/main.c ****   RCC_OscInitStruct.HSEPredivValue = RCC_HSE_PREDIV_DIV1;
 464              		.loc 1 128 30 is_stmt 0 view .LVU129
 465 001e 4FF48033 		mov	r3, #65536
 466 0022 0793     		str	r3, [sp, #28]
 129:Core/Src/main.c ****   RCC_OscInitStruct.HSIState = RCC_HSI_ON;
 467              		.loc 1 129 3 is_stmt 1 view .LVU130
 130:Core/Src/main.c ****   RCC_OscInitStruct.PLL.PLLState = RCC_PLL_ON;
 468              		.loc 1 130 3 view .LVU131
 130:Core/Src/main.c ****   RCC_OscInitStruct.PLL.PLLState = RCC_PLL_ON;
 469              		.loc 1 130 30 is_stmt 0 view .LVU132
 470 0024 0A92     		str	r2, [sp, #40]
 131:Core/Src/main.c ****   RCC_OscInitStruct.PLL.PLLSource = RCC_PLLSOURCE_HSE;
 471              		.loc 1 131 3 is_stmt 1 view .LVU133
 131:Core/Src/main.c ****   RCC_OscInitStruct.PLL.PLLSource = RCC_PLLSOURCE_HSE;
 472              		.loc 1 131 34 is_stmt 0 view .LVU134
 473 0026 0222     		movs	r2, #2
 474 0028 0D92     		str	r2, [sp, #52]
 132:Core/Src/main.c ****   RCC_OscInitStruct.PLL.PLLMUL = RCC_PLL_MUL9;
 475              		.loc 1 132 3 is_stmt 1 view .LVU135
 132:Core/Src/main.c ****   RCC_OscInitStruct.PLL.PLLMUL = RCC_PLL_MUL9;
 476              		.loc 1 132 35 is_stmt 0 view .LVU136
 477 002a 0E93     		str	r3, [sp, #56]
 133:Core/Src/main.c ****   if (HAL_RCC_OscConfig(&RCC_OscInitStruct) != HAL_OK)
 478              		.loc 1 133 3 is_stmt 1 view .LVU137
 133:Core/Src/main.c ****   if (HAL_RCC_OscConfig(&RCC_OscInitStruct) != HAL_OK)
 479              		.loc 1 133 32 is_stmt 0 view .LVU138
 480 002c 4FF4E013 		mov	r3, #1835008
 481 0030 0F93     		str	r3, [sp, #60]
 134:Core/Src/main.c ****   {
 482              		.loc 1 134 3 is_stmt 1 view .LVU139
 134:Core/Src/main.c ****   {
 483              		.loc 1 134 7 is_stmt 0 view .LVU140
 484 0032 06A8     		add	r0, sp, #24
 485 0034 FFF7FEFF 		bl	HAL_RCC_OscConfig
 486              	.LVL13:
ARM GAS  C:\Users\ALITAH~1\AppData\Local\Temp\ccc6Nsns.s 			page 19


 134:Core/Src/main.c ****   {
 487              		.loc 1 134 6 view .LVU141
 488 0038 80B9     		cbnz	r0, .L33
 140:Core/Src/main.c ****                               |RCC_CLOCKTYPE_PCLK1|RCC_CLOCKTYPE_PCLK2;
 489              		.loc 1 140 3 is_stmt 1 view .LVU142
 140:Core/Src/main.c ****                               |RCC_CLOCKTYPE_PCLK1|RCC_CLOCKTYPE_PCLK2;
 490              		.loc 1 140 31 is_stmt 0 view .LVU143
 491 003a 0F23     		movs	r3, #15
 492 003c 0193     		str	r3, [sp, #4]
 142:Core/Src/main.c ****   RCC_ClkInitStruct.AHBCLKDivider = RCC_SYSCLK_DIV1;
 493              		.loc 1 142 3 is_stmt 1 view .LVU144
 142:Core/Src/main.c ****   RCC_ClkInitStruct.AHBCLKDivider = RCC_SYSCLK_DIV1;
 494              		.loc 1 142 34 is_stmt 0 view .LVU145
 495 003e 0221     		movs	r1, #2
 496 0040 0291     		str	r1, [sp, #8]
 143:Core/Src/main.c ****   RCC_ClkInitStruct.APB1CLKDivider = RCC_HCLK_DIV2;
 497              		.loc 1 143 3 is_stmt 1 view .LVU146
 143:Core/Src/main.c ****   RCC_ClkInitStruct.APB1CLKDivider = RCC_HCLK_DIV2;
 498              		.loc 1 143 35 is_stmt 0 view .LVU147
 499 0042 0023     		movs	r3, #0
 500 0044 0393     		str	r3, [sp, #12]
 144:Core/Src/main.c ****   RCC_ClkInitStruct.APB2CLKDivider = RCC_HCLK_DIV1;
 501              		.loc 1 144 3 is_stmt 1 view .LVU148
 144:Core/Src/main.c ****   RCC_ClkInitStruct.APB2CLKDivider = RCC_HCLK_DIV1;
 502              		.loc 1 144 36 is_stmt 0 view .LVU149
 503 0046 4FF48062 		mov	r2, #1024
 504 004a 0492     		str	r2, [sp, #16]
 145:Core/Src/main.c **** 
 505              		.loc 1 145 3 is_stmt 1 view .LVU150
 145:Core/Src/main.c **** 
 506              		.loc 1 145 36 is_stmt 0 view .LVU151
 507 004c 0593     		str	r3, [sp, #20]
 147:Core/Src/main.c ****   {
 508              		.loc 1 147 3 is_stmt 1 view .LVU152
 147:Core/Src/main.c ****   {
 509              		.loc 1 147 7 is_stmt 0 view .LVU153
 510 004e 01A8     		add	r0, sp, #4
 511 0050 FFF7FEFF 		bl	HAL_RCC_ClockConfig
 512              	.LVL14:
 147:Core/Src/main.c ****   {
 513              		.loc 1 147 6 view .LVU154
 514 0054 20B9     		cbnz	r0, .L34
 151:Core/Src/main.c **** 
 515              		.loc 1 151 1 view .LVU155
 516 0056 11B0     		add	sp, sp, #68
 517              	.LCFI11:
 518              		.cfi_remember_state
 519              		.cfi_def_cfa_offset 4
 520              		@ sp needed
 521 0058 5DF804FB 		ldr	pc, [sp], #4
 522              	.L33:
 523              	.LCFI12:
 524              		.cfi_restore_state
 136:Core/Src/main.c ****   }
 525              		.loc 1 136 5 is_stmt 1 view .LVU156
 526 005c FFF7FEFF 		bl	Error_Handler
 527              	.LVL15:
ARM GAS  C:\Users\ALITAH~1\AppData\Local\Temp\ccc6Nsns.s 			page 20


 528              	.L34:
 149:Core/Src/main.c ****   }
 529              		.loc 1 149 5 view .LVU157
 530 0060 FFF7FEFF 		bl	Error_Handler
 531              	.LVL16:
 532              		.cfi_endproc
 533              	.LFE66:
 535              		.section	.text.main,"ax",%progbits
 536              		.align	1
 537              		.global	main
 538              		.syntax unified
 539              		.thumb
 540              		.thumb_func
 541              		.fpu softvfp
 543              	main:
 544              	.LFB65:
  72:Core/Src/main.c ****   /* USER CODE BEGIN 1 */
 545              		.loc 1 72 1 view -0
 546              		.cfi_startproc
 547              		@ Volatile: function does not return.
 548              		@ args = 0, pretend = 0, frame = 0
 549              		@ frame_needed = 0, uses_anonymous_args = 0
 550 0000 08B5     		push	{r3, lr}
 551              	.LCFI13:
 552              		.cfi_def_cfa_offset 8
 553              		.cfi_offset 3, -8
 554              		.cfi_offset 14, -4
  80:Core/Src/main.c **** 
 555              		.loc 1 80 3 view .LVU159
 556 0002 FFF7FEFF 		bl	HAL_Init
 557              	.LVL17:
  87:Core/Src/main.c **** 
 558              		.loc 1 87 3 view .LVU160
 559 0006 FFF7FEFF 		bl	SystemClock_Config
 560              	.LVL18:
  94:Core/Src/main.c ****   MX_TIM1_Init();
 561              		.loc 1 94 3 view .LVU161
 562 000a FFF7FEFF 		bl	MX_GPIO_Init
 563              	.LVL19:
  95:Core/Src/main.c ****   MX_USART1_UART_Init();
 564              		.loc 1 95 3 view .LVU162
 565 000e FFF7FEFF 		bl	MX_TIM1_Init
 566              	.LVL20:
  96:Core/Src/main.c ****   MX_USART2_UART_Init();
 567              		.loc 1 96 3 view .LVU163
 568 0012 FFF7FEFF 		bl	MX_USART1_UART_Init
 569              	.LVL21:
  97:Core/Src/main.c ****   /* USER CODE BEGIN 2 */
 570              		.loc 1 97 3 view .LVU164
 571 0016 FFF7FEFF 		bl	MX_USART2_UART_Init
 572              	.LVL22:
 573              	.L36:
 104:Core/Src/main.c ****   {
 574              		.loc 1 104 3 discriminator 1 view .LVU165
 109:Core/Src/main.c **** 	  HAL_Delay(1500);
 575              		.loc 1 109 4 discriminator 1 view .LVU166
 576 001a 4FF40051 		mov	r1, #8192
ARM GAS  C:\Users\ALITAH~1\AppData\Local\Temp\ccc6Nsns.s 			page 21


 577 001e 0448     		ldr	r0, .L38
 578 0020 FFF7FEFF 		bl	HAL_GPIO_TogglePin
 579              	.LVL23:
 110:Core/Src/main.c ****   }
 580              		.loc 1 110 4 discriminator 1 view .LVU167
 581 0024 40F2DC50 		movw	r0, #1500
 582 0028 FFF7FEFF 		bl	HAL_Delay
 583              	.LVL24:
 104:Core/Src/main.c ****   {
 584              		.loc 1 104 9 discriminator 1 view .LVU168
 585 002c F5E7     		b	.L36
 586              	.L39:
 587 002e 00BF     		.align	2
 588              	.L38:
 589 0030 00100140 		.word	1073811456
 590              		.cfi_endproc
 591              	.LFE65:
 593              		.global	huart2
 594              		.global	huart1
 595              		.global	htim1
 596              		.section	.bss.htim1,"aw",%nobits
 597              		.align	2
 598              		.set	.LANCHOR0,. + 0
 601              	htim1:
 602 0000 00000000 		.space	72
 602      00000000 
 602      00000000 
 602      00000000 
 602      00000000 
 603              		.section	.bss.huart1,"aw",%nobits
 604              		.align	2
 605              		.set	.LANCHOR1,. + 0
 608              	huart1:
 609 0000 00000000 		.space	64
 609      00000000 
 609      00000000 
 609      00000000 
 609      00000000 
 610              		.section	.bss.huart2,"aw",%nobits
 611              		.align	2
 612              		.set	.LANCHOR2,. + 0
 615              	huart2:
 616 0000 00000000 		.space	64
 616      00000000 
 616      00000000 
 616      00000000 
 616      00000000 
 617              		.text
 618              	.Letext0:
 619              		.file 3 "c:\\dev\\tools\\gcc-arm-none-eabi-10-2020-q4-major\\arm-none-eabi\\include\\machine\\_def
 620              		.file 4 "c:\\dev\\tools\\gcc-arm-none-eabi-10-2020-q4-major\\arm-none-eabi\\include\\sys\\_stdint.
 621              		.file 5 "Drivers/CMSIS/Device/ST/STM32F1xx/Include/stm32f103xb.h"
 622              		.file 6 "Drivers/STM32F1xx_HAL_Driver/Inc/stm32f1xx_hal_def.h"
 623              		.file 7 "Drivers/STM32F1xx_HAL_Driver/Inc/stm32f1xx_hal_rcc.h"
 624              		.file 8 "Drivers/STM32F1xx_HAL_Driver/Inc/stm32f1xx_hal_rcc_ex.h"
 625              		.file 9 "Drivers/STM32F1xx_HAL_Driver/Inc/stm32f1xx_hal_gpio.h"
 626              		.file 10 "Drivers/STM32F1xx_HAL_Driver/Inc/stm32f1xx_hal_dma.h"
ARM GAS  C:\Users\ALITAH~1\AppData\Local\Temp\ccc6Nsns.s 			page 22


 627              		.file 11 "Drivers/STM32F1xx_HAL_Driver/Inc/stm32f1xx_hal_tim.h"
 628              		.file 12 "Drivers/STM32F1xx_HAL_Driver/Inc/stm32f1xx_hal_uart.h"
 629              		.file 13 "Drivers/STM32F1xx_HAL_Driver/Inc/stm32f1xx_hal_tim_ex.h"
 630              		.file 14 "Drivers/STM32F1xx_HAL_Driver/Inc/stm32f1xx_hal.h"
 631              		.file 15 "<built-in>"
ARM GAS  C:\Users\ALITAH~1\AppData\Local\Temp\ccc6Nsns.s 			page 23


DEFINED SYMBOLS
                            *ABS*:00000000 main.c
C:\Users\ALITAH~1\AppData\Local\Temp\ccc6Nsns.s:16     .text.MX_GPIO_Init:00000000 $t
C:\Users\ALITAH~1\AppData\Local\Temp\ccc6Nsns.s:23     .text.MX_GPIO_Init:00000000 MX_GPIO_Init
C:\Users\ALITAH~1\AppData\Local\Temp\ccc6Nsns.s:128    .text.MX_GPIO_Init:00000070 $d
C:\Users\ALITAH~1\AppData\Local\Temp\ccc6Nsns.s:134    .text.Error_Handler:00000000 $t
C:\Users\ALITAH~1\AppData\Local\Temp\ccc6Nsns.s:141    .text.Error_Handler:00000000 Error_Handler
C:\Users\ALITAH~1\AppData\Local\Temp\ccc6Nsns.s:173    .text.MX_TIM1_Init:00000000 $t
C:\Users\ALITAH~1\AppData\Local\Temp\ccc6Nsns.s:179    .text.MX_TIM1_Init:00000000 MX_TIM1_Init
C:\Users\ALITAH~1\AppData\Local\Temp\ccc6Nsns.s:284    .text.MX_TIM1_Init:00000060 $d
C:\Users\ALITAH~1\AppData\Local\Temp\ccc6Nsns.s:290    .text.MX_USART1_UART_Init:00000000 $t
C:\Users\ALITAH~1\AppData\Local\Temp\ccc6Nsns.s:296    .text.MX_USART1_UART_Init:00000000 MX_USART1_UART_Init
C:\Users\ALITAH~1\AppData\Local\Temp\ccc6Nsns.s:351    .text.MX_USART1_UART_Init:0000002c $d
C:\Users\ALITAH~1\AppData\Local\Temp\ccc6Nsns.s:357    .text.MX_USART2_UART_Init:00000000 $t
C:\Users\ALITAH~1\AppData\Local\Temp\ccc6Nsns.s:363    .text.MX_USART2_UART_Init:00000000 MX_USART2_UART_Init
C:\Users\ALITAH~1\AppData\Local\Temp\ccc6Nsns.s:418    .text.MX_USART2_UART_Init:0000002c $d
C:\Users\ALITAH~1\AppData\Local\Temp\ccc6Nsns.s:424    .text.SystemClock_Config:00000000 $t
C:\Users\ALITAH~1\AppData\Local\Temp\ccc6Nsns.s:431    .text.SystemClock_Config:00000000 SystemClock_Config
C:\Users\ALITAH~1\AppData\Local\Temp\ccc6Nsns.s:536    .text.main:00000000 $t
C:\Users\ALITAH~1\AppData\Local\Temp\ccc6Nsns.s:543    .text.main:00000000 main
C:\Users\ALITAH~1\AppData\Local\Temp\ccc6Nsns.s:589    .text.main:00000030 $d
C:\Users\ALITAH~1\AppData\Local\Temp\ccc6Nsns.s:615    .bss.huart2:00000000 huart2
C:\Users\ALITAH~1\AppData\Local\Temp\ccc6Nsns.s:608    .bss.huart1:00000000 huart1
C:\Users\ALITAH~1\AppData\Local\Temp\ccc6Nsns.s:601    .bss.htim1:00000000 htim1
C:\Users\ALITAH~1\AppData\Local\Temp\ccc6Nsns.s:597    .bss.htim1:00000000 $d
C:\Users\ALITAH~1\AppData\Local\Temp\ccc6Nsns.s:604    .bss.huart1:00000000 $d
C:\Users\ALITAH~1\AppData\Local\Temp\ccc6Nsns.s:611    .bss.huart2:00000000 $d

UNDEFINED SYMBOLS
HAL_GPIO_WritePin
HAL_GPIO_Init
HAL_TIM_Base_Init
HAL_TIM_ConfigClockSource
HAL_TIMEx_MasterConfigSynchronization
HAL_UART_Init
memset
HAL_RCC_OscConfig
HAL_RCC_ClockConfig
HAL_Init
HAL_GPIO_TogglePin
HAL_Delay
