ARM GAS  C:\Users\ALITAH~1\AppData\Local\Temp\ccMmSimX.s 			page 1


   1              		.cpu cortex-m3
   2              		.eabi_attribute 20, 1
   3              		.eabi_attribute 21, 1
   4              		.eabi_attribute 23, 3
   5              		.eabi_attribute 24, 1
   6              		.eabi_attribute 25, 1
   7              		.eabi_attribute 26, 1
   8              		.eabi_attribute 30, 1
   9              		.eabi_attribute 34, 1
  10              		.eabi_attribute 18, 4
  11              		.file	"stm32f1xx_hal_msp.c"
  12              		.text
  13              	.Ltext0:
  14              		.cfi_sections	.debug_frame
  15              		.section	.text.HAL_MspInit,"ax",%progbits
  16              		.align	1
  17              		.global	HAL_MspInit
  18              		.arch armv7-m
  19              		.syntax unified
  20              		.thumb
  21              		.thumb_func
  22              		.fpu softvfp
  24              	HAL_MspInit:
  25              	.LFB65:
  26              		.file 1 "Core/Src/stm32f1xx_hal_msp.c"
   1:Core/Src/stm32f1xx_hal_msp.c **** /* USER CODE BEGIN Header */
   2:Core/Src/stm32f1xx_hal_msp.c **** /**
   3:Core/Src/stm32f1xx_hal_msp.c ****   ******************************************************************************
   4:Core/Src/stm32f1xx_hal_msp.c ****   * @file         stm32f1xx_hal_msp.c
   5:Core/Src/stm32f1xx_hal_msp.c ****   * @brief        This file provides code for the MSP Initialization
   6:Core/Src/stm32f1xx_hal_msp.c ****   *               and de-Initialization codes.
   7:Core/Src/stm32f1xx_hal_msp.c ****   ******************************************************************************
   8:Core/Src/stm32f1xx_hal_msp.c ****   * @attention
   9:Core/Src/stm32f1xx_hal_msp.c ****   *
  10:Core/Src/stm32f1xx_hal_msp.c ****   * <h2><center>&copy; Copyright (c) 2021 STMicroelectronics.
  11:Core/Src/stm32f1xx_hal_msp.c ****   * All rights reserved.</center></h2>
  12:Core/Src/stm32f1xx_hal_msp.c ****   *
  13:Core/Src/stm32f1xx_hal_msp.c ****   * This software component is licensed by ST under BSD 3-Clause license,
  14:Core/Src/stm32f1xx_hal_msp.c ****   * the "License"; You may not use this file except in compliance with the
  15:Core/Src/stm32f1xx_hal_msp.c ****   * License. You may obtain a copy of the License at:
  16:Core/Src/stm32f1xx_hal_msp.c ****   *                        opensource.org/licenses/BSD-3-Clause
  17:Core/Src/stm32f1xx_hal_msp.c ****   *
  18:Core/Src/stm32f1xx_hal_msp.c ****   ******************************************************************************
  19:Core/Src/stm32f1xx_hal_msp.c ****   */
  20:Core/Src/stm32f1xx_hal_msp.c **** /* USER CODE END Header */
  21:Core/Src/stm32f1xx_hal_msp.c **** 
  22:Core/Src/stm32f1xx_hal_msp.c **** /* Includes ------------------------------------------------------------------*/
  23:Core/Src/stm32f1xx_hal_msp.c **** #include "main.h"
  24:Core/Src/stm32f1xx_hal_msp.c **** /* USER CODE BEGIN Includes */
  25:Core/Src/stm32f1xx_hal_msp.c **** 
  26:Core/Src/stm32f1xx_hal_msp.c **** /* USER CODE END Includes */
  27:Core/Src/stm32f1xx_hal_msp.c **** 
  28:Core/Src/stm32f1xx_hal_msp.c **** /* Private typedef -----------------------------------------------------------*/
  29:Core/Src/stm32f1xx_hal_msp.c **** /* USER CODE BEGIN TD */
  30:Core/Src/stm32f1xx_hal_msp.c **** 
  31:Core/Src/stm32f1xx_hal_msp.c **** /* USER CODE END TD */
  32:Core/Src/stm32f1xx_hal_msp.c **** 
ARM GAS  C:\Users\ALITAH~1\AppData\Local\Temp\ccMmSimX.s 			page 2


  33:Core/Src/stm32f1xx_hal_msp.c **** /* Private define ------------------------------------------------------------*/
  34:Core/Src/stm32f1xx_hal_msp.c **** /* USER CODE BEGIN Define */
  35:Core/Src/stm32f1xx_hal_msp.c **** 
  36:Core/Src/stm32f1xx_hal_msp.c **** /* USER CODE END Define */
  37:Core/Src/stm32f1xx_hal_msp.c **** 
  38:Core/Src/stm32f1xx_hal_msp.c **** /* Private macro -------------------------------------------------------------*/
  39:Core/Src/stm32f1xx_hal_msp.c **** /* USER CODE BEGIN Macro */
  40:Core/Src/stm32f1xx_hal_msp.c **** 
  41:Core/Src/stm32f1xx_hal_msp.c **** /* USER CODE END Macro */
  42:Core/Src/stm32f1xx_hal_msp.c **** 
  43:Core/Src/stm32f1xx_hal_msp.c **** /* Private variables ---------------------------------------------------------*/
  44:Core/Src/stm32f1xx_hal_msp.c **** /* USER CODE BEGIN PV */
  45:Core/Src/stm32f1xx_hal_msp.c **** 
  46:Core/Src/stm32f1xx_hal_msp.c **** /* USER CODE END PV */
  47:Core/Src/stm32f1xx_hal_msp.c **** 
  48:Core/Src/stm32f1xx_hal_msp.c **** /* Private function prototypes -----------------------------------------------*/
  49:Core/Src/stm32f1xx_hal_msp.c **** /* USER CODE BEGIN PFP */
  50:Core/Src/stm32f1xx_hal_msp.c **** 
  51:Core/Src/stm32f1xx_hal_msp.c **** /* USER CODE END PFP */
  52:Core/Src/stm32f1xx_hal_msp.c **** 
  53:Core/Src/stm32f1xx_hal_msp.c **** /* External functions --------------------------------------------------------*/
  54:Core/Src/stm32f1xx_hal_msp.c **** /* USER CODE BEGIN ExternalFunctions */
  55:Core/Src/stm32f1xx_hal_msp.c **** 
  56:Core/Src/stm32f1xx_hal_msp.c **** /* USER CODE END ExternalFunctions */
  57:Core/Src/stm32f1xx_hal_msp.c **** 
  58:Core/Src/stm32f1xx_hal_msp.c **** /* USER CODE BEGIN 0 */
  59:Core/Src/stm32f1xx_hal_msp.c **** 
  60:Core/Src/stm32f1xx_hal_msp.c **** /* USER CODE END 0 */
  61:Core/Src/stm32f1xx_hal_msp.c **** /**
  62:Core/Src/stm32f1xx_hal_msp.c ****   * Initializes the Global MSP.
  63:Core/Src/stm32f1xx_hal_msp.c ****   */
  64:Core/Src/stm32f1xx_hal_msp.c **** void HAL_MspInit(void)
  65:Core/Src/stm32f1xx_hal_msp.c **** {
  27              		.loc 1 65 1 view -0
  28              		.cfi_startproc
  29              		@ args = 0, pretend = 0, frame = 8
  30              		@ frame_needed = 0, uses_anonymous_args = 0
  31              		@ link register save eliminated.
  32 0000 82B0     		sub	sp, sp, #8
  33              	.LCFI0:
  34              		.cfi_def_cfa_offset 8
  66:Core/Src/stm32f1xx_hal_msp.c ****   /* USER CODE BEGIN MspInit 0 */
  67:Core/Src/stm32f1xx_hal_msp.c **** 
  68:Core/Src/stm32f1xx_hal_msp.c ****   /* USER CODE END MspInit 0 */
  69:Core/Src/stm32f1xx_hal_msp.c **** 
  70:Core/Src/stm32f1xx_hal_msp.c ****   __HAL_RCC_AFIO_CLK_ENABLE();
  35              		.loc 1 70 3 view .LVU1
  36              	.LBB2:
  37              		.loc 1 70 3 view .LVU2
  38              		.loc 1 70 3 view .LVU3
  39 0002 0E4B     		ldr	r3, .L3
  40 0004 9A69     		ldr	r2, [r3, #24]
  41 0006 42F00102 		orr	r2, r2, #1
  42 000a 9A61     		str	r2, [r3, #24]
  43              		.loc 1 70 3 view .LVU4
  44 000c 9A69     		ldr	r2, [r3, #24]
  45 000e 02F00102 		and	r2, r2, #1
ARM GAS  C:\Users\ALITAH~1\AppData\Local\Temp\ccMmSimX.s 			page 3


  46 0012 0092     		str	r2, [sp]
  47              		.loc 1 70 3 view .LVU5
  48 0014 009A     		ldr	r2, [sp]
  49              	.LBE2:
  50              		.loc 1 70 3 view .LVU6
  71:Core/Src/stm32f1xx_hal_msp.c ****   __HAL_RCC_PWR_CLK_ENABLE();
  51              		.loc 1 71 3 view .LVU7
  52              	.LBB3:
  53              		.loc 1 71 3 view .LVU8
  54              		.loc 1 71 3 view .LVU9
  55 0016 DA69     		ldr	r2, [r3, #28]
  56 0018 42F08052 		orr	r2, r2, #268435456
  57 001c DA61     		str	r2, [r3, #28]
  58              		.loc 1 71 3 view .LVU10
  59 001e DB69     		ldr	r3, [r3, #28]
  60 0020 03F08053 		and	r3, r3, #268435456
  61 0024 0193     		str	r3, [sp, #4]
  62              		.loc 1 71 3 view .LVU11
  63 0026 019B     		ldr	r3, [sp, #4]
  64              	.LBE3:
  65              		.loc 1 71 3 view .LVU12
  72:Core/Src/stm32f1xx_hal_msp.c **** 
  73:Core/Src/stm32f1xx_hal_msp.c ****   /* System interrupt init*/
  74:Core/Src/stm32f1xx_hal_msp.c **** 
  75:Core/Src/stm32f1xx_hal_msp.c ****   /** NOJTAG: JTAG-DP Disabled and SW-DP Enabled
  76:Core/Src/stm32f1xx_hal_msp.c ****   */
  77:Core/Src/stm32f1xx_hal_msp.c ****   __HAL_AFIO_REMAP_SWJ_NOJTAG();
  66              		.loc 1 77 3 view .LVU13
  67              	.LBB4:
  68              		.loc 1 77 3 view .LVU14
  69 0028 054A     		ldr	r2, .L3+4
  70 002a 5368     		ldr	r3, [r2, #4]
  71              	.LVL0:
  72              		.loc 1 77 3 view .LVU15
  73 002c 23F0E063 		bic	r3, r3, #117440512
  74              	.LVL1:
  75              		.loc 1 77 3 view .LVU16
  76 0030 43F00073 		orr	r3, r3, #33554432
  77              	.LVL2:
  78              		.loc 1 77 3 view .LVU17
  79 0034 5360     		str	r3, [r2, #4]
  80              	.LBE4:
  81              		.loc 1 77 3 view .LVU18
  78:Core/Src/stm32f1xx_hal_msp.c **** 
  79:Core/Src/stm32f1xx_hal_msp.c ****   /* USER CODE BEGIN MspInit 1 */
  80:Core/Src/stm32f1xx_hal_msp.c **** 
  81:Core/Src/stm32f1xx_hal_msp.c ****   /* USER CODE END MspInit 1 */
  82:Core/Src/stm32f1xx_hal_msp.c **** }
  82              		.loc 1 82 1 is_stmt 0 view .LVU19
  83 0036 02B0     		add	sp, sp, #8
  84              	.LCFI1:
  85              		.cfi_def_cfa_offset 0
  86              		@ sp needed
  87 0038 7047     		bx	lr
  88              	.L4:
  89 003a 00BF     		.align	2
  90              	.L3:
ARM GAS  C:\Users\ALITAH~1\AppData\Local\Temp\ccMmSimX.s 			page 4


  91 003c 00100240 		.word	1073876992
  92 0040 00000140 		.word	1073807360
  93              		.cfi_endproc
  94              	.LFE65:
  96              		.section	.text.HAL_TIM_Base_MspInit,"ax",%progbits
  97              		.align	1
  98              		.global	HAL_TIM_Base_MspInit
  99              		.syntax unified
 100              		.thumb
 101              		.thumb_func
 102              		.fpu softvfp
 104              	HAL_TIM_Base_MspInit:
 105              	.LVL3:
 106              	.LFB66:
  83:Core/Src/stm32f1xx_hal_msp.c **** 
  84:Core/Src/stm32f1xx_hal_msp.c **** /**
  85:Core/Src/stm32f1xx_hal_msp.c **** * @brief TIM_Base MSP Initialization
  86:Core/Src/stm32f1xx_hal_msp.c **** * This function configures the hardware resources used in this example
  87:Core/Src/stm32f1xx_hal_msp.c **** * @param htim_base: TIM_Base handle pointer
  88:Core/Src/stm32f1xx_hal_msp.c **** * @retval None
  89:Core/Src/stm32f1xx_hal_msp.c **** */
  90:Core/Src/stm32f1xx_hal_msp.c **** void HAL_TIM_Base_MspInit(TIM_HandleTypeDef* htim_base)
  91:Core/Src/stm32f1xx_hal_msp.c **** {
 107              		.loc 1 91 1 is_stmt 1 view -0
 108              		.cfi_startproc
 109              		@ args = 0, pretend = 0, frame = 8
 110              		@ frame_needed = 0, uses_anonymous_args = 0
 111              		@ link register save eliminated.
  92:Core/Src/stm32f1xx_hal_msp.c ****   if(htim_base->Instance==TIM1)
 112              		.loc 1 92 3 view .LVU21
 113              		.loc 1 92 15 is_stmt 0 view .LVU22
 114 0000 0268     		ldr	r2, [r0]
 115              		.loc 1 92 5 view .LVU23
 116 0002 094B     		ldr	r3, .L12
 117 0004 9A42     		cmp	r2, r3
 118 0006 00D0     		beq	.L11
 119 0008 7047     		bx	lr
 120              	.L11:
  91:Core/Src/stm32f1xx_hal_msp.c ****   if(htim_base->Instance==TIM1)
 121              		.loc 1 91 1 view .LVU24
 122 000a 82B0     		sub	sp, sp, #8
 123              	.LCFI2:
 124              		.cfi_def_cfa_offset 8
  93:Core/Src/stm32f1xx_hal_msp.c ****   {
  94:Core/Src/stm32f1xx_hal_msp.c ****   /* USER CODE BEGIN TIM1_MspInit 0 */
  95:Core/Src/stm32f1xx_hal_msp.c **** 
  96:Core/Src/stm32f1xx_hal_msp.c ****   /* USER CODE END TIM1_MspInit 0 */
  97:Core/Src/stm32f1xx_hal_msp.c ****     /* Peripheral clock enable */
  98:Core/Src/stm32f1xx_hal_msp.c ****     __HAL_RCC_TIM1_CLK_ENABLE();
 125              		.loc 1 98 5 is_stmt 1 view .LVU25
 126              	.LBB5:
 127              		.loc 1 98 5 view .LVU26
 128              		.loc 1 98 5 view .LVU27
 129 000c 03F56443 		add	r3, r3, #58368
 130 0010 9A69     		ldr	r2, [r3, #24]
 131 0012 42F40062 		orr	r2, r2, #2048
 132 0016 9A61     		str	r2, [r3, #24]
ARM GAS  C:\Users\ALITAH~1\AppData\Local\Temp\ccMmSimX.s 			page 5


 133              		.loc 1 98 5 view .LVU28
 134 0018 9B69     		ldr	r3, [r3, #24]
 135 001a 03F40063 		and	r3, r3, #2048
 136 001e 0193     		str	r3, [sp, #4]
 137              		.loc 1 98 5 view .LVU29
 138 0020 019B     		ldr	r3, [sp, #4]
 139              	.LBE5:
 140              		.loc 1 98 5 view .LVU30
  99:Core/Src/stm32f1xx_hal_msp.c ****   /* USER CODE BEGIN TIM1_MspInit 1 */
 100:Core/Src/stm32f1xx_hal_msp.c **** 
 101:Core/Src/stm32f1xx_hal_msp.c ****   /* USER CODE END TIM1_MspInit 1 */
 102:Core/Src/stm32f1xx_hal_msp.c ****   }
 103:Core/Src/stm32f1xx_hal_msp.c **** 
 104:Core/Src/stm32f1xx_hal_msp.c **** }
 141              		.loc 1 104 1 is_stmt 0 view .LVU31
 142 0022 02B0     		add	sp, sp, #8
 143              	.LCFI3:
 144              		.cfi_def_cfa_offset 0
 145              		@ sp needed
 146 0024 7047     		bx	lr
 147              	.L13:
 148 0026 00BF     		.align	2
 149              	.L12:
 150 0028 002C0140 		.word	1073818624
 151              		.cfi_endproc
 152              	.LFE66:
 154              		.section	.text.HAL_TIM_Base_MspDeInit,"ax",%progbits
 155              		.align	1
 156              		.global	HAL_TIM_Base_MspDeInit
 157              		.syntax unified
 158              		.thumb
 159              		.thumb_func
 160              		.fpu softvfp
 162              	HAL_TIM_Base_MspDeInit:
 163              	.LVL4:
 164              	.LFB67:
 105:Core/Src/stm32f1xx_hal_msp.c **** 
 106:Core/Src/stm32f1xx_hal_msp.c **** /**
 107:Core/Src/stm32f1xx_hal_msp.c **** * @brief TIM_Base MSP De-Initialization
 108:Core/Src/stm32f1xx_hal_msp.c **** * This function freeze the hardware resources used in this example
 109:Core/Src/stm32f1xx_hal_msp.c **** * @param htim_base: TIM_Base handle pointer
 110:Core/Src/stm32f1xx_hal_msp.c **** * @retval None
 111:Core/Src/stm32f1xx_hal_msp.c **** */
 112:Core/Src/stm32f1xx_hal_msp.c **** void HAL_TIM_Base_MspDeInit(TIM_HandleTypeDef* htim_base)
 113:Core/Src/stm32f1xx_hal_msp.c **** {
 165              		.loc 1 113 1 is_stmt 1 view -0
 166              		.cfi_startproc
 167              		@ args = 0, pretend = 0, frame = 0
 168              		@ frame_needed = 0, uses_anonymous_args = 0
 169              		@ link register save eliminated.
 114:Core/Src/stm32f1xx_hal_msp.c ****   if(htim_base->Instance==TIM1)
 170              		.loc 1 114 3 view .LVU33
 171              		.loc 1 114 15 is_stmt 0 view .LVU34
 172 0000 0268     		ldr	r2, [r0]
 173              		.loc 1 114 5 view .LVU35
 174 0002 054B     		ldr	r3, .L17
 175 0004 9A42     		cmp	r2, r3
ARM GAS  C:\Users\ALITAH~1\AppData\Local\Temp\ccMmSimX.s 			page 6


 176 0006 00D0     		beq	.L16
 177              	.L14:
 115:Core/Src/stm32f1xx_hal_msp.c ****   {
 116:Core/Src/stm32f1xx_hal_msp.c ****   /* USER CODE BEGIN TIM1_MspDeInit 0 */
 117:Core/Src/stm32f1xx_hal_msp.c **** 
 118:Core/Src/stm32f1xx_hal_msp.c ****   /* USER CODE END TIM1_MspDeInit 0 */
 119:Core/Src/stm32f1xx_hal_msp.c ****     /* Peripheral clock disable */
 120:Core/Src/stm32f1xx_hal_msp.c ****     __HAL_RCC_TIM1_CLK_DISABLE();
 121:Core/Src/stm32f1xx_hal_msp.c ****   /* USER CODE BEGIN TIM1_MspDeInit 1 */
 122:Core/Src/stm32f1xx_hal_msp.c **** 
 123:Core/Src/stm32f1xx_hal_msp.c ****   /* USER CODE END TIM1_MspDeInit 1 */
 124:Core/Src/stm32f1xx_hal_msp.c ****   }
 125:Core/Src/stm32f1xx_hal_msp.c **** 
 126:Core/Src/stm32f1xx_hal_msp.c **** }
 178              		.loc 1 126 1 view .LVU36
 179 0008 7047     		bx	lr
 180              	.L16:
 120:Core/Src/stm32f1xx_hal_msp.c ****   /* USER CODE BEGIN TIM1_MspDeInit 1 */
 181              		.loc 1 120 5 is_stmt 1 view .LVU37
 182 000a 044A     		ldr	r2, .L17+4
 183 000c 9369     		ldr	r3, [r2, #24]
 184 000e 23F40063 		bic	r3, r3, #2048
 185 0012 9361     		str	r3, [r2, #24]
 186              		.loc 1 126 1 is_stmt 0 view .LVU38
 187 0014 F8E7     		b	.L14
 188              	.L18:
 189 0016 00BF     		.align	2
 190              	.L17:
 191 0018 002C0140 		.word	1073818624
 192 001c 00100240 		.word	1073876992
 193              		.cfi_endproc
 194              	.LFE67:
 196              		.section	.text.HAL_UART_MspInit,"ax",%progbits
 197              		.align	1
 198              		.global	HAL_UART_MspInit
 199              		.syntax unified
 200              		.thumb
 201              		.thumb_func
 202              		.fpu softvfp
 204              	HAL_UART_MspInit:
 205              	.LVL5:
 206              	.LFB68:
 127:Core/Src/stm32f1xx_hal_msp.c **** 
 128:Core/Src/stm32f1xx_hal_msp.c **** /**
 129:Core/Src/stm32f1xx_hal_msp.c **** * @brief UART MSP Initialization
 130:Core/Src/stm32f1xx_hal_msp.c **** * This function configures the hardware resources used in this example
 131:Core/Src/stm32f1xx_hal_msp.c **** * @param huart: UART handle pointer
 132:Core/Src/stm32f1xx_hal_msp.c **** * @retval None
 133:Core/Src/stm32f1xx_hal_msp.c **** */
 134:Core/Src/stm32f1xx_hal_msp.c **** void HAL_UART_MspInit(UART_HandleTypeDef* huart)
 135:Core/Src/stm32f1xx_hal_msp.c **** {
 207              		.loc 1 135 1 is_stmt 1 view -0
 208              		.cfi_startproc
 209              		@ args = 0, pretend = 0, frame = 32
 210              		@ frame_needed = 0, uses_anonymous_args = 0
 211              		.loc 1 135 1 is_stmt 0 view .LVU40
 212 0000 10B5     		push	{r4, lr}
ARM GAS  C:\Users\ALITAH~1\AppData\Local\Temp\ccMmSimX.s 			page 7


 213              	.LCFI4:
 214              		.cfi_def_cfa_offset 8
 215              		.cfi_offset 4, -8
 216              		.cfi_offset 14, -4
 217 0002 88B0     		sub	sp, sp, #32
 218              	.LCFI5:
 219              		.cfi_def_cfa_offset 40
 136:Core/Src/stm32f1xx_hal_msp.c ****   GPIO_InitTypeDef GPIO_InitStruct = {0};
 220              		.loc 1 136 3 is_stmt 1 view .LVU41
 221              		.loc 1 136 20 is_stmt 0 view .LVU42
 222 0004 0023     		movs	r3, #0
 223 0006 0493     		str	r3, [sp, #16]
 224 0008 0593     		str	r3, [sp, #20]
 225 000a 0693     		str	r3, [sp, #24]
 226 000c 0793     		str	r3, [sp, #28]
 137:Core/Src/stm32f1xx_hal_msp.c ****   if(huart->Instance==USART1)
 227              		.loc 1 137 3 is_stmt 1 view .LVU43
 228              		.loc 1 137 11 is_stmt 0 view .LVU44
 229 000e 0368     		ldr	r3, [r0]
 230              		.loc 1 137 5 view .LVU45
 231 0010 2C4A     		ldr	r2, .L25
 232 0012 9342     		cmp	r3, r2
 233 0014 04D0     		beq	.L23
 138:Core/Src/stm32f1xx_hal_msp.c ****   {
 139:Core/Src/stm32f1xx_hal_msp.c ****   /* USER CODE BEGIN USART1_MspInit 0 */
 140:Core/Src/stm32f1xx_hal_msp.c **** 
 141:Core/Src/stm32f1xx_hal_msp.c ****   /* USER CODE END USART1_MspInit 0 */
 142:Core/Src/stm32f1xx_hal_msp.c ****     /* Peripheral clock enable */
 143:Core/Src/stm32f1xx_hal_msp.c ****     __HAL_RCC_USART1_CLK_ENABLE();
 144:Core/Src/stm32f1xx_hal_msp.c **** 
 145:Core/Src/stm32f1xx_hal_msp.c ****     __HAL_RCC_GPIOA_CLK_ENABLE();
 146:Core/Src/stm32f1xx_hal_msp.c ****     /**USART1 GPIO Configuration
 147:Core/Src/stm32f1xx_hal_msp.c ****     PA9     ------> USART1_TX
 148:Core/Src/stm32f1xx_hal_msp.c ****     PA10     ------> USART1_RX
 149:Core/Src/stm32f1xx_hal_msp.c ****     */
 150:Core/Src/stm32f1xx_hal_msp.c ****     GPIO_InitStruct.Pin = GPIO_PIN_9;
 151:Core/Src/stm32f1xx_hal_msp.c ****     GPIO_InitStruct.Mode = GPIO_MODE_AF_PP;
 152:Core/Src/stm32f1xx_hal_msp.c ****     GPIO_InitStruct.Speed = GPIO_SPEED_FREQ_HIGH;
 153:Core/Src/stm32f1xx_hal_msp.c ****     HAL_GPIO_Init(GPIOA, &GPIO_InitStruct);
 154:Core/Src/stm32f1xx_hal_msp.c **** 
 155:Core/Src/stm32f1xx_hal_msp.c ****     GPIO_InitStruct.Pin = GPIO_PIN_10;
 156:Core/Src/stm32f1xx_hal_msp.c ****     GPIO_InitStruct.Mode = GPIO_MODE_INPUT;
 157:Core/Src/stm32f1xx_hal_msp.c ****     GPIO_InitStruct.Pull = GPIO_NOPULL;
 158:Core/Src/stm32f1xx_hal_msp.c ****     HAL_GPIO_Init(GPIOA, &GPIO_InitStruct);
 159:Core/Src/stm32f1xx_hal_msp.c **** 
 160:Core/Src/stm32f1xx_hal_msp.c ****   /* USER CODE BEGIN USART1_MspInit 1 */
 161:Core/Src/stm32f1xx_hal_msp.c **** 
 162:Core/Src/stm32f1xx_hal_msp.c ****   /* USER CODE END USART1_MspInit 1 */
 163:Core/Src/stm32f1xx_hal_msp.c ****   }
 164:Core/Src/stm32f1xx_hal_msp.c ****   else if(huart->Instance==USART2)
 234              		.loc 1 164 8 is_stmt 1 view .LVU46
 235              		.loc 1 164 10 is_stmt 0 view .LVU47
 236 0016 2C4A     		ldr	r2, .L25+4
 237 0018 9342     		cmp	r3, r2
 238 001a 2BD0     		beq	.L24
 239              	.LVL6:
 240              	.L19:
ARM GAS  C:\Users\ALITAH~1\AppData\Local\Temp\ccMmSimX.s 			page 8


 165:Core/Src/stm32f1xx_hal_msp.c ****   {
 166:Core/Src/stm32f1xx_hal_msp.c ****   /* USER CODE BEGIN USART2_MspInit 0 */
 167:Core/Src/stm32f1xx_hal_msp.c **** 
 168:Core/Src/stm32f1xx_hal_msp.c ****   /* USER CODE END USART2_MspInit 0 */
 169:Core/Src/stm32f1xx_hal_msp.c ****     /* Peripheral clock enable */
 170:Core/Src/stm32f1xx_hal_msp.c ****     __HAL_RCC_USART2_CLK_ENABLE();
 171:Core/Src/stm32f1xx_hal_msp.c **** 
 172:Core/Src/stm32f1xx_hal_msp.c ****     __HAL_RCC_GPIOA_CLK_ENABLE();
 173:Core/Src/stm32f1xx_hal_msp.c ****     /**USART2 GPIO Configuration
 174:Core/Src/stm32f1xx_hal_msp.c ****     PA2     ------> USART2_TX
 175:Core/Src/stm32f1xx_hal_msp.c ****     PA3     ------> USART2_RX
 176:Core/Src/stm32f1xx_hal_msp.c ****     */
 177:Core/Src/stm32f1xx_hal_msp.c ****     GPIO_InitStruct.Pin = GPIO_PIN_2;
 178:Core/Src/stm32f1xx_hal_msp.c ****     GPIO_InitStruct.Mode = GPIO_MODE_AF_PP;
 179:Core/Src/stm32f1xx_hal_msp.c ****     GPIO_InitStruct.Speed = GPIO_SPEED_FREQ_HIGH;
 180:Core/Src/stm32f1xx_hal_msp.c ****     HAL_GPIO_Init(GPIOA, &GPIO_InitStruct);
 181:Core/Src/stm32f1xx_hal_msp.c **** 
 182:Core/Src/stm32f1xx_hal_msp.c ****     GPIO_InitStruct.Pin = GPIO_PIN_3;
 183:Core/Src/stm32f1xx_hal_msp.c ****     GPIO_InitStruct.Mode = GPIO_MODE_INPUT;
 184:Core/Src/stm32f1xx_hal_msp.c ****     GPIO_InitStruct.Pull = GPIO_NOPULL;
 185:Core/Src/stm32f1xx_hal_msp.c ****     HAL_GPIO_Init(GPIOA, &GPIO_InitStruct);
 186:Core/Src/stm32f1xx_hal_msp.c **** 
 187:Core/Src/stm32f1xx_hal_msp.c ****   /* USER CODE BEGIN USART2_MspInit 1 */
 188:Core/Src/stm32f1xx_hal_msp.c **** 
 189:Core/Src/stm32f1xx_hal_msp.c ****   /* USER CODE END USART2_MspInit 1 */
 190:Core/Src/stm32f1xx_hal_msp.c ****   }
 191:Core/Src/stm32f1xx_hal_msp.c **** 
 192:Core/Src/stm32f1xx_hal_msp.c **** }
 241              		.loc 1 192 1 view .LVU48
 242 001c 08B0     		add	sp, sp, #32
 243              	.LCFI6:
 244              		.cfi_remember_state
 245              		.cfi_def_cfa_offset 8
 246              		@ sp needed
 247 001e 10BD     		pop	{r4, pc}
 248              	.LVL7:
 249              	.L23:
 250              	.LCFI7:
 251              		.cfi_restore_state
 143:Core/Src/stm32f1xx_hal_msp.c **** 
 252              		.loc 1 143 5 is_stmt 1 view .LVU49
 253              	.LBB6:
 143:Core/Src/stm32f1xx_hal_msp.c **** 
 254              		.loc 1 143 5 view .LVU50
 143:Core/Src/stm32f1xx_hal_msp.c **** 
 255              		.loc 1 143 5 view .LVU51
 256 0020 2A4B     		ldr	r3, .L25+8
 257 0022 9A69     		ldr	r2, [r3, #24]
 258 0024 42F48042 		orr	r2, r2, #16384
 259 0028 9A61     		str	r2, [r3, #24]
 143:Core/Src/stm32f1xx_hal_msp.c **** 
 260              		.loc 1 143 5 view .LVU52
 261 002a 9A69     		ldr	r2, [r3, #24]
 262 002c 02F48042 		and	r2, r2, #16384
 263 0030 0092     		str	r2, [sp]
 143:Core/Src/stm32f1xx_hal_msp.c **** 
 264              		.loc 1 143 5 view .LVU53
ARM GAS  C:\Users\ALITAH~1\AppData\Local\Temp\ccMmSimX.s 			page 9


 265 0032 009A     		ldr	r2, [sp]
 266              	.LBE6:
 143:Core/Src/stm32f1xx_hal_msp.c **** 
 267              		.loc 1 143 5 view .LVU54
 145:Core/Src/stm32f1xx_hal_msp.c ****     /**USART1 GPIO Configuration
 268              		.loc 1 145 5 view .LVU55
 269              	.LBB7:
 145:Core/Src/stm32f1xx_hal_msp.c ****     /**USART1 GPIO Configuration
 270              		.loc 1 145 5 view .LVU56
 145:Core/Src/stm32f1xx_hal_msp.c ****     /**USART1 GPIO Configuration
 271              		.loc 1 145 5 view .LVU57
 272 0034 9A69     		ldr	r2, [r3, #24]
 273 0036 42F00402 		orr	r2, r2, #4
 274 003a 9A61     		str	r2, [r3, #24]
 145:Core/Src/stm32f1xx_hal_msp.c ****     /**USART1 GPIO Configuration
 275              		.loc 1 145 5 view .LVU58
 276 003c 9B69     		ldr	r3, [r3, #24]
 277 003e 03F00403 		and	r3, r3, #4
 278 0042 0193     		str	r3, [sp, #4]
 145:Core/Src/stm32f1xx_hal_msp.c ****     /**USART1 GPIO Configuration
 279              		.loc 1 145 5 view .LVU59
 280 0044 019B     		ldr	r3, [sp, #4]
 281              	.LBE7:
 145:Core/Src/stm32f1xx_hal_msp.c ****     /**USART1 GPIO Configuration
 282              		.loc 1 145 5 view .LVU60
 150:Core/Src/stm32f1xx_hal_msp.c ****     GPIO_InitStruct.Mode = GPIO_MODE_AF_PP;
 283              		.loc 1 150 5 view .LVU61
 150:Core/Src/stm32f1xx_hal_msp.c ****     GPIO_InitStruct.Mode = GPIO_MODE_AF_PP;
 284              		.loc 1 150 25 is_stmt 0 view .LVU62
 285 0046 4FF40073 		mov	r3, #512
 286 004a 0493     		str	r3, [sp, #16]
 151:Core/Src/stm32f1xx_hal_msp.c ****     GPIO_InitStruct.Speed = GPIO_SPEED_FREQ_HIGH;
 287              		.loc 1 151 5 is_stmt 1 view .LVU63
 151:Core/Src/stm32f1xx_hal_msp.c ****     GPIO_InitStruct.Speed = GPIO_SPEED_FREQ_HIGH;
 288              		.loc 1 151 26 is_stmt 0 view .LVU64
 289 004c 0223     		movs	r3, #2
 290 004e 0593     		str	r3, [sp, #20]
 152:Core/Src/stm32f1xx_hal_msp.c ****     HAL_GPIO_Init(GPIOA, &GPIO_InitStruct);
 291              		.loc 1 152 5 is_stmt 1 view .LVU65
 152:Core/Src/stm32f1xx_hal_msp.c ****     HAL_GPIO_Init(GPIOA, &GPIO_InitStruct);
 292              		.loc 1 152 27 is_stmt 0 view .LVU66
 293 0050 0323     		movs	r3, #3
 294 0052 0793     		str	r3, [sp, #28]
 153:Core/Src/stm32f1xx_hal_msp.c **** 
 295              		.loc 1 153 5 is_stmt 1 view .LVU67
 296 0054 1E4C     		ldr	r4, .L25+12
 297 0056 04A9     		add	r1, sp, #16
 298 0058 2046     		mov	r0, r4
 299              	.LVL8:
 153:Core/Src/stm32f1xx_hal_msp.c **** 
 300              		.loc 1 153 5 is_stmt 0 view .LVU68
 301 005a FFF7FEFF 		bl	HAL_GPIO_Init
 302              	.LVL9:
 155:Core/Src/stm32f1xx_hal_msp.c ****     GPIO_InitStruct.Mode = GPIO_MODE_INPUT;
 303              		.loc 1 155 5 is_stmt 1 view .LVU69
 155:Core/Src/stm32f1xx_hal_msp.c ****     GPIO_InitStruct.Mode = GPIO_MODE_INPUT;
 304              		.loc 1 155 25 is_stmt 0 view .LVU70
ARM GAS  C:\Users\ALITAH~1\AppData\Local\Temp\ccMmSimX.s 			page 10


 305 005e 4FF48063 		mov	r3, #1024
 306 0062 0493     		str	r3, [sp, #16]
 156:Core/Src/stm32f1xx_hal_msp.c ****     GPIO_InitStruct.Pull = GPIO_NOPULL;
 307              		.loc 1 156 5 is_stmt 1 view .LVU71
 156:Core/Src/stm32f1xx_hal_msp.c ****     GPIO_InitStruct.Pull = GPIO_NOPULL;
 308              		.loc 1 156 26 is_stmt 0 view .LVU72
 309 0064 0023     		movs	r3, #0
 310 0066 0593     		str	r3, [sp, #20]
 157:Core/Src/stm32f1xx_hal_msp.c ****     HAL_GPIO_Init(GPIOA, &GPIO_InitStruct);
 311              		.loc 1 157 5 is_stmt 1 view .LVU73
 157:Core/Src/stm32f1xx_hal_msp.c ****     HAL_GPIO_Init(GPIOA, &GPIO_InitStruct);
 312              		.loc 1 157 26 is_stmt 0 view .LVU74
 313 0068 0693     		str	r3, [sp, #24]
 158:Core/Src/stm32f1xx_hal_msp.c **** 
 314              		.loc 1 158 5 is_stmt 1 view .LVU75
 315 006a 04A9     		add	r1, sp, #16
 316 006c 2046     		mov	r0, r4
 317 006e FFF7FEFF 		bl	HAL_GPIO_Init
 318              	.LVL10:
 319 0072 D3E7     		b	.L19
 320              	.LVL11:
 321              	.L24:
 170:Core/Src/stm32f1xx_hal_msp.c **** 
 322              		.loc 1 170 5 view .LVU76
 323              	.LBB8:
 170:Core/Src/stm32f1xx_hal_msp.c **** 
 324              		.loc 1 170 5 view .LVU77
 170:Core/Src/stm32f1xx_hal_msp.c **** 
 325              		.loc 1 170 5 view .LVU78
 326 0074 154B     		ldr	r3, .L25+8
 327 0076 DA69     		ldr	r2, [r3, #28]
 328 0078 42F40032 		orr	r2, r2, #131072
 329 007c DA61     		str	r2, [r3, #28]
 170:Core/Src/stm32f1xx_hal_msp.c **** 
 330              		.loc 1 170 5 view .LVU79
 331 007e DA69     		ldr	r2, [r3, #28]
 332 0080 02F40032 		and	r2, r2, #131072
 333 0084 0292     		str	r2, [sp, #8]
 170:Core/Src/stm32f1xx_hal_msp.c **** 
 334              		.loc 1 170 5 view .LVU80
 335 0086 029A     		ldr	r2, [sp, #8]
 336              	.LBE8:
 170:Core/Src/stm32f1xx_hal_msp.c **** 
 337              		.loc 1 170 5 view .LVU81
 172:Core/Src/stm32f1xx_hal_msp.c ****     /**USART2 GPIO Configuration
 338              		.loc 1 172 5 view .LVU82
 339              	.LBB9:
 172:Core/Src/stm32f1xx_hal_msp.c ****     /**USART2 GPIO Configuration
 340              		.loc 1 172 5 view .LVU83
 172:Core/Src/stm32f1xx_hal_msp.c ****     /**USART2 GPIO Configuration
 341              		.loc 1 172 5 view .LVU84
 342 0088 9A69     		ldr	r2, [r3, #24]
 343 008a 42F00402 		orr	r2, r2, #4
 344 008e 9A61     		str	r2, [r3, #24]
 172:Core/Src/stm32f1xx_hal_msp.c ****     /**USART2 GPIO Configuration
 345              		.loc 1 172 5 view .LVU85
 346 0090 9B69     		ldr	r3, [r3, #24]
ARM GAS  C:\Users\ALITAH~1\AppData\Local\Temp\ccMmSimX.s 			page 11


 347 0092 03F00403 		and	r3, r3, #4
 348 0096 0393     		str	r3, [sp, #12]
 172:Core/Src/stm32f1xx_hal_msp.c ****     /**USART2 GPIO Configuration
 349              		.loc 1 172 5 view .LVU86
 350 0098 039B     		ldr	r3, [sp, #12]
 351              	.LBE9:
 172:Core/Src/stm32f1xx_hal_msp.c ****     /**USART2 GPIO Configuration
 352              		.loc 1 172 5 view .LVU87
 177:Core/Src/stm32f1xx_hal_msp.c ****     GPIO_InitStruct.Mode = GPIO_MODE_AF_PP;
 353              		.loc 1 177 5 view .LVU88
 177:Core/Src/stm32f1xx_hal_msp.c ****     GPIO_InitStruct.Mode = GPIO_MODE_AF_PP;
 354              		.loc 1 177 25 is_stmt 0 view .LVU89
 355 009a 0423     		movs	r3, #4
 356 009c 0493     		str	r3, [sp, #16]
 178:Core/Src/stm32f1xx_hal_msp.c ****     GPIO_InitStruct.Speed = GPIO_SPEED_FREQ_HIGH;
 357              		.loc 1 178 5 is_stmt 1 view .LVU90
 178:Core/Src/stm32f1xx_hal_msp.c ****     GPIO_InitStruct.Speed = GPIO_SPEED_FREQ_HIGH;
 358              		.loc 1 178 26 is_stmt 0 view .LVU91
 359 009e 0223     		movs	r3, #2
 360 00a0 0593     		str	r3, [sp, #20]
 179:Core/Src/stm32f1xx_hal_msp.c ****     HAL_GPIO_Init(GPIOA, &GPIO_InitStruct);
 361              		.loc 1 179 5 is_stmt 1 view .LVU92
 179:Core/Src/stm32f1xx_hal_msp.c ****     HAL_GPIO_Init(GPIOA, &GPIO_InitStruct);
 362              		.loc 1 179 27 is_stmt 0 view .LVU93
 363 00a2 0323     		movs	r3, #3
 364 00a4 0793     		str	r3, [sp, #28]
 180:Core/Src/stm32f1xx_hal_msp.c **** 
 365              		.loc 1 180 5 is_stmt 1 view .LVU94
 366 00a6 0A4C     		ldr	r4, .L25+12
 367 00a8 04A9     		add	r1, sp, #16
 368 00aa 2046     		mov	r0, r4
 369              	.LVL12:
 180:Core/Src/stm32f1xx_hal_msp.c **** 
 370              		.loc 1 180 5 is_stmt 0 view .LVU95
 371 00ac FFF7FEFF 		bl	HAL_GPIO_Init
 372              	.LVL13:
 182:Core/Src/stm32f1xx_hal_msp.c ****     GPIO_InitStruct.Mode = GPIO_MODE_INPUT;
 373              		.loc 1 182 5 is_stmt 1 view .LVU96
 182:Core/Src/stm32f1xx_hal_msp.c ****     GPIO_InitStruct.Mode = GPIO_MODE_INPUT;
 374              		.loc 1 182 25 is_stmt 0 view .LVU97
 375 00b0 0823     		movs	r3, #8
 376 00b2 0493     		str	r3, [sp, #16]
 183:Core/Src/stm32f1xx_hal_msp.c ****     GPIO_InitStruct.Pull = GPIO_NOPULL;
 377              		.loc 1 183 5 is_stmt 1 view .LVU98
 183:Core/Src/stm32f1xx_hal_msp.c ****     GPIO_InitStruct.Pull = GPIO_NOPULL;
 378              		.loc 1 183 26 is_stmt 0 view .LVU99
 379 00b4 0023     		movs	r3, #0
 380 00b6 0593     		str	r3, [sp, #20]
 184:Core/Src/stm32f1xx_hal_msp.c ****     HAL_GPIO_Init(GPIOA, &GPIO_InitStruct);
 381              		.loc 1 184 5 is_stmt 1 view .LVU100
 184:Core/Src/stm32f1xx_hal_msp.c ****     HAL_GPIO_Init(GPIOA, &GPIO_InitStruct);
 382              		.loc 1 184 26 is_stmt 0 view .LVU101
 383 00b8 0693     		str	r3, [sp, #24]
 185:Core/Src/stm32f1xx_hal_msp.c **** 
 384              		.loc 1 185 5 is_stmt 1 view .LVU102
 385 00ba 04A9     		add	r1, sp, #16
 386 00bc 2046     		mov	r0, r4
ARM GAS  C:\Users\ALITAH~1\AppData\Local\Temp\ccMmSimX.s 			page 12


 387 00be FFF7FEFF 		bl	HAL_GPIO_Init
 388              	.LVL14:
 389              		.loc 1 192 1 is_stmt 0 view .LVU103
 390 00c2 ABE7     		b	.L19
 391              	.L26:
 392              		.align	2
 393              	.L25:
 394 00c4 00380140 		.word	1073821696
 395 00c8 00440040 		.word	1073759232
 396 00cc 00100240 		.word	1073876992
 397 00d0 00080140 		.word	1073809408
 398              		.cfi_endproc
 399              	.LFE68:
 401              		.section	.text.HAL_UART_MspDeInit,"ax",%progbits
 402              		.align	1
 403              		.global	HAL_UART_MspDeInit
 404              		.syntax unified
 405              		.thumb
 406              		.thumb_func
 407              		.fpu softvfp
 409              	HAL_UART_MspDeInit:
 410              	.LVL15:
 411              	.LFB69:
 193:Core/Src/stm32f1xx_hal_msp.c **** 
 194:Core/Src/stm32f1xx_hal_msp.c **** /**
 195:Core/Src/stm32f1xx_hal_msp.c **** * @brief UART MSP De-Initialization
 196:Core/Src/stm32f1xx_hal_msp.c **** * This function freeze the hardware resources used in this example
 197:Core/Src/stm32f1xx_hal_msp.c **** * @param huart: UART handle pointer
 198:Core/Src/stm32f1xx_hal_msp.c **** * @retval None
 199:Core/Src/stm32f1xx_hal_msp.c **** */
 200:Core/Src/stm32f1xx_hal_msp.c **** void HAL_UART_MspDeInit(UART_HandleTypeDef* huart)
 201:Core/Src/stm32f1xx_hal_msp.c **** {
 412              		.loc 1 201 1 is_stmt 1 view -0
 413              		.cfi_startproc
 414              		@ args = 0, pretend = 0, frame = 0
 415              		@ frame_needed = 0, uses_anonymous_args = 0
 416              		.loc 1 201 1 is_stmt 0 view .LVU105
 417 0000 08B5     		push	{r3, lr}
 418              	.LCFI8:
 419              		.cfi_def_cfa_offset 8
 420              		.cfi_offset 3, -8
 421              		.cfi_offset 14, -4
 202:Core/Src/stm32f1xx_hal_msp.c ****   if(huart->Instance==USART1)
 422              		.loc 1 202 3 is_stmt 1 view .LVU106
 423              		.loc 1 202 11 is_stmt 0 view .LVU107
 424 0002 0368     		ldr	r3, [r0]
 425              		.loc 1 202 5 view .LVU108
 426 0004 0E4A     		ldr	r2, .L33
 427 0006 9342     		cmp	r3, r2
 428 0008 03D0     		beq	.L31
 203:Core/Src/stm32f1xx_hal_msp.c ****   {
 204:Core/Src/stm32f1xx_hal_msp.c ****   /* USER CODE BEGIN USART1_MspDeInit 0 */
 205:Core/Src/stm32f1xx_hal_msp.c **** 
 206:Core/Src/stm32f1xx_hal_msp.c ****   /* USER CODE END USART1_MspDeInit 0 */
 207:Core/Src/stm32f1xx_hal_msp.c ****     /* Peripheral clock disable */
 208:Core/Src/stm32f1xx_hal_msp.c ****     __HAL_RCC_USART1_CLK_DISABLE();
 209:Core/Src/stm32f1xx_hal_msp.c **** 
ARM GAS  C:\Users\ALITAH~1\AppData\Local\Temp\ccMmSimX.s 			page 13


 210:Core/Src/stm32f1xx_hal_msp.c ****     /**USART1 GPIO Configuration
 211:Core/Src/stm32f1xx_hal_msp.c ****     PA9     ------> USART1_TX
 212:Core/Src/stm32f1xx_hal_msp.c ****     PA10     ------> USART1_RX
 213:Core/Src/stm32f1xx_hal_msp.c ****     */
 214:Core/Src/stm32f1xx_hal_msp.c ****     HAL_GPIO_DeInit(GPIOA, GPIO_PIN_9|GPIO_PIN_10);
 215:Core/Src/stm32f1xx_hal_msp.c **** 
 216:Core/Src/stm32f1xx_hal_msp.c ****   /* USER CODE BEGIN USART1_MspDeInit 1 */
 217:Core/Src/stm32f1xx_hal_msp.c **** 
 218:Core/Src/stm32f1xx_hal_msp.c ****   /* USER CODE END USART1_MspDeInit 1 */
 219:Core/Src/stm32f1xx_hal_msp.c ****   }
 220:Core/Src/stm32f1xx_hal_msp.c ****   else if(huart->Instance==USART2)
 429              		.loc 1 220 8 is_stmt 1 view .LVU109
 430              		.loc 1 220 10 is_stmt 0 view .LVU110
 431 000a 0E4A     		ldr	r2, .L33+4
 432 000c 9342     		cmp	r3, r2
 433 000e 0CD0     		beq	.L32
 434              	.LVL16:
 435              	.L27:
 221:Core/Src/stm32f1xx_hal_msp.c ****   {
 222:Core/Src/stm32f1xx_hal_msp.c ****   /* USER CODE BEGIN USART2_MspDeInit 0 */
 223:Core/Src/stm32f1xx_hal_msp.c **** 
 224:Core/Src/stm32f1xx_hal_msp.c ****   /* USER CODE END USART2_MspDeInit 0 */
 225:Core/Src/stm32f1xx_hal_msp.c ****     /* Peripheral clock disable */
 226:Core/Src/stm32f1xx_hal_msp.c ****     __HAL_RCC_USART2_CLK_DISABLE();
 227:Core/Src/stm32f1xx_hal_msp.c **** 
 228:Core/Src/stm32f1xx_hal_msp.c ****     /**USART2 GPIO Configuration
 229:Core/Src/stm32f1xx_hal_msp.c ****     PA2     ------> USART2_TX
 230:Core/Src/stm32f1xx_hal_msp.c ****     PA3     ------> USART2_RX
 231:Core/Src/stm32f1xx_hal_msp.c ****     */
 232:Core/Src/stm32f1xx_hal_msp.c ****     HAL_GPIO_DeInit(GPIOA, GPIO_PIN_2|GPIO_PIN_3);
 233:Core/Src/stm32f1xx_hal_msp.c **** 
 234:Core/Src/stm32f1xx_hal_msp.c ****   /* USER CODE BEGIN USART2_MspDeInit 1 */
 235:Core/Src/stm32f1xx_hal_msp.c **** 
 236:Core/Src/stm32f1xx_hal_msp.c ****   /* USER CODE END USART2_MspDeInit 1 */
 237:Core/Src/stm32f1xx_hal_msp.c ****   }
 238:Core/Src/stm32f1xx_hal_msp.c **** 
 239:Core/Src/stm32f1xx_hal_msp.c **** }
 436              		.loc 1 239 1 view .LVU111
 437 0010 08BD     		pop	{r3, pc}
 438              	.LVL17:
 439              	.L31:
 208:Core/Src/stm32f1xx_hal_msp.c **** 
 440              		.loc 1 208 5 is_stmt 1 view .LVU112
 441 0012 02F55842 		add	r2, r2, #55296
 442 0016 9369     		ldr	r3, [r2, #24]
 443 0018 23F48043 		bic	r3, r3, #16384
 444 001c 9361     		str	r3, [r2, #24]
 214:Core/Src/stm32f1xx_hal_msp.c **** 
 445              		.loc 1 214 5 view .LVU113
 446 001e 4FF4C061 		mov	r1, #1536
 447 0022 0948     		ldr	r0, .L33+8
 448              	.LVL18:
 214:Core/Src/stm32f1xx_hal_msp.c **** 
 449              		.loc 1 214 5 is_stmt 0 view .LVU114
 450 0024 FFF7FEFF 		bl	HAL_GPIO_DeInit
 451              	.LVL19:
 452 0028 F2E7     		b	.L27
ARM GAS  C:\Users\ALITAH~1\AppData\Local\Temp\ccMmSimX.s 			page 14


 453              	.LVL20:
 454              	.L32:
 226:Core/Src/stm32f1xx_hal_msp.c **** 
 455              		.loc 1 226 5 is_stmt 1 view .LVU115
 456 002a 02F5E632 		add	r2, r2, #117760
 457 002e D369     		ldr	r3, [r2, #28]
 458 0030 23F40033 		bic	r3, r3, #131072
 459 0034 D361     		str	r3, [r2, #28]
 232:Core/Src/stm32f1xx_hal_msp.c **** 
 460              		.loc 1 232 5 view .LVU116
 461 0036 0C21     		movs	r1, #12
 462 0038 0348     		ldr	r0, .L33+8
 463              	.LVL21:
 232:Core/Src/stm32f1xx_hal_msp.c **** 
 464              		.loc 1 232 5 is_stmt 0 view .LVU117
 465 003a FFF7FEFF 		bl	HAL_GPIO_DeInit
 466              	.LVL22:
 467              		.loc 1 239 1 view .LVU118
 468 003e E7E7     		b	.L27
 469              	.L34:
 470              		.align	2
 471              	.L33:
 472 0040 00380140 		.word	1073821696
 473 0044 00440040 		.word	1073759232
 474 0048 00080140 		.word	1073809408
 475              		.cfi_endproc
 476              	.LFE69:
 478              		.text
 479              	.Letext0:
 480              		.file 2 "c:\\dev\\tools\\gcc-arm-none-eabi-10-2020-q4-major\\arm-none-eabi\\include\\machine\\_def
 481              		.file 3 "c:\\dev\\tools\\gcc-arm-none-eabi-10-2020-q4-major\\arm-none-eabi\\include\\sys\\_stdint.
 482              		.file 4 "Drivers/CMSIS/Device/ST/STM32F1xx/Include/stm32f103xb.h"
 483              		.file 5 "Drivers/STM32F1xx_HAL_Driver/Inc/stm32f1xx_hal_def.h"
 484              		.file 6 "Drivers/STM32F1xx_HAL_Driver/Inc/stm32f1xx_hal_gpio.h"
 485              		.file 7 "Drivers/STM32F1xx_HAL_Driver/Inc/stm32f1xx_hal_dma.h"
 486              		.file 8 "Drivers/STM32F1xx_HAL_Driver/Inc/stm32f1xx_hal_tim.h"
 487              		.file 9 "Drivers/STM32F1xx_HAL_Driver/Inc/stm32f1xx_hal_uart.h"
ARM GAS  C:\Users\ALITAH~1\AppData\Local\Temp\ccMmSimX.s 			page 15


DEFINED SYMBOLS
                            *ABS*:00000000 stm32f1xx_hal_msp.c
C:\Users\ALITAH~1\AppData\Local\Temp\ccMmSimX.s:16     .text.HAL_MspInit:00000000 $t
C:\Users\ALITAH~1\AppData\Local\Temp\ccMmSimX.s:24     .text.HAL_MspInit:00000000 HAL_MspInit
C:\Users\ALITAH~1\AppData\Local\Temp\ccMmSimX.s:91     .text.HAL_MspInit:0000003c $d
C:\Users\ALITAH~1\AppData\Local\Temp\ccMmSimX.s:97     .text.HAL_TIM_Base_MspInit:00000000 $t
C:\Users\ALITAH~1\AppData\Local\Temp\ccMmSimX.s:104    .text.HAL_TIM_Base_MspInit:00000000 HAL_TIM_Base_MspInit
C:\Users\ALITAH~1\AppData\Local\Temp\ccMmSimX.s:150    .text.HAL_TIM_Base_MspInit:00000028 $d
C:\Users\ALITAH~1\AppData\Local\Temp\ccMmSimX.s:155    .text.HAL_TIM_Base_MspDeInit:00000000 $t
C:\Users\ALITAH~1\AppData\Local\Temp\ccMmSimX.s:162    .text.HAL_TIM_Base_MspDeInit:00000000 HAL_TIM_Base_MspDeInit
C:\Users\ALITAH~1\AppData\Local\Temp\ccMmSimX.s:191    .text.HAL_TIM_Base_MspDeInit:00000018 $d
C:\Users\ALITAH~1\AppData\Local\Temp\ccMmSimX.s:197    .text.HAL_UART_MspInit:00000000 $t
C:\Users\ALITAH~1\AppData\Local\Temp\ccMmSimX.s:204    .text.HAL_UART_MspInit:00000000 HAL_UART_MspInit
C:\Users\ALITAH~1\AppData\Local\Temp\ccMmSimX.s:394    .text.HAL_UART_MspInit:000000c4 $d
C:\Users\ALITAH~1\AppData\Local\Temp\ccMmSimX.s:402    .text.HAL_UART_MspDeInit:00000000 $t
C:\Users\ALITAH~1\AppData\Local\Temp\ccMmSimX.s:409    .text.HAL_UART_MspDeInit:00000000 HAL_UART_MspDeInit
C:\Users\ALITAH~1\AppData\Local\Temp\ccMmSimX.s:472    .text.HAL_UART_MspDeInit:00000040 $d

UNDEFINED SYMBOLS
HAL_GPIO_Init
HAL_GPIO_DeInit
